[parsing started RegularFileObject[/home/ilmoeuro/Asiakirjat/Projektit/membertrack/membertrack-webapp-builddeps/src/main/java/fi/ilmoeuro/membertrack/plumbing/JooqGenerator.java]]
[parsing completed 27ms]
[parsing started RegularFileObject[/home/ilmoeuro/Asiakirjat/Projektit/membertrack/membertrack-webapp-builddeps/src/main/java/fi/ilmoeuro/membertrack/plumbing/JooqGeneratorStrategy.java]]
[parsing completed 1ms]
[search path for source files: /home/ilmoeuro/Asiakirjat/Projektit/membertrack/membertrack-webapp-builddeps/src/main/java]
[search path for class files: /home/ilmoeuro/.m2/repository/org/checkerframework/jdk8/1.9.8/jdk8-1.9.8.jar,/home/ilmoeuro/.m2/repository/org/checkerframework/compiler/1.9.8/compiler-1.9.8.jar,/usr/lib/jvm/java-8-jdk/jre/lib/resources.jar,/usr/lib/jvm/java-8-jdk/jre/lib/rt.jar,/usr/lib/jvm/java-8-jdk/jre/lib/sunrsasign.jar,/usr/lib/jvm/java-8-jdk/jre/lib/jsse.jar,/usr/lib/jvm/java-8-jdk/jre/lib/jce.jar,/usr/lib/jvm/java-8-jdk/jre/lib/charsets.jar,/usr/lib/jvm/java-8-jdk/jre/lib/jfr.jar,/usr/lib/jvm/java-8-jdk/jre/classes,/usr/lib/jvm/java-8-jdk/jre/lib/ext/dnsns.jar,/usr/lib/jvm/java-8-jdk/jre/lib/ext/cldrdata.jar,/usr/lib/jvm/java-8-jdk/jre/lib/ext/sunpkcs11.jar,/usr/lib/jvm/java-8-jdk/jre/lib/ext/jfxrt.jar,/usr/lib/jvm/java-8-jdk/jre/lib/ext/sunjce_provider.jar,/usr/lib/jvm/java-8-jdk/jre/lib/ext/nashorn.jar,/usr/lib/jvm/java-8-jdk/jre/lib/ext/sunec.jar,/usr/lib/jvm/java-8-jdk/jre/lib/ext/zipfs.jar,/usr/lib/jvm/java-8-jdk/jre/lib/ext/localedata.jar,/usr/lib/jvm/java-8-jdk/jre/lib/ext/jaccess.jar,/home/ilmoeuro/Asiakirjat/Projektit/membertrack/membertrack-webapp-builddeps/target/classes,/home/ilmoeuro/.m2/repository/org/jooq/jooq-codegen/3.7.0/jooq-codegen-3.7.0.jar,/home/ilmoeuro/.m2/repository/org/jooq/jooq/3.7.0/jooq-3.7.0.jar,/home/ilmoeuro/.m2/repository/org/jooq/jooq-meta/3.7.0/jooq-meta-3.7.0.jar,/home/ilmoeuro/.m2/repository/org/projectlombok/lombok/1.16.2/lombok-1.16.2.jar,/home/ilmoeuro/.m2/repository/org/checkerframework/checker/1.9.8/checker-1.9.8.jar,/home/ilmoeuro/.m2/repository/org/checkerframework/jdk8/1.9.8/jdk8-1.9.8.jar,/home/ilmoeuro/.m2/repository/org/checkerframework/compiler/1.9.8/compiler-1.9.8.jar,.]
[loading ZipFileIndexFileObject[/home/ilmoeuro/.m2/repository/org/jooq/jooq-codegen/3.7.0/jooq-codegen-3.7.0.jar(org/jooq/util/GeneratorStrategy.class)]]
[loading ZipFileIndexFileObject[/home/ilmoeuro/.m2/repository/org/jooq/jooq-codegen/3.7.0/jooq-codegen-3.7.0.jar(org/jooq/util/JavaGenerator.class)]]
[loading ZipFileIndexFileObject[/home/ilmoeuro/.m2/repository/org/jooq/jooq-codegen/3.7.0/jooq-codegen-3.7.0.jar(org/jooq/util/JavaWriter.class)]]
[loading ZipFileIndexFileObject[/home/ilmoeuro/.m2/repository/org/jooq/jooq-meta/3.7.0/jooq-meta-3.7.0.jar(org/jooq/util/TableDefinition.class)]]
[loading ZipFileIndexFileObject[/home/ilmoeuro/.m2/repository/org/jooq/jooq-codegen/3.7.0/jooq-codegen-3.7.0.jar(org/jooq/util/AbstractGenerator.class)]]
[loading ZipFileIndexFileObject[/home/ilmoeuro/.m2/repository/org/jooq/jooq-codegen/3.7.0/jooq-codegen-3.7.0.jar(org/jooq/util/Generator.class)]]
[loading ZipFileIndexFileObject[/home/ilmoeuro/.m2/repository/org/checkerframework/jdk8/1.9.8/jdk8-1.9.8.jar(java/lang/Object.class)]]
[loading ZipFileIndexFileObject[/home/ilmoeuro/.m2/repository/org/jooq/jooq-codegen/3.7.0/jooq-codegen-3.7.0.jar(org/jooq/util/DefaultGeneratorStrategy.class)]]
[loading ZipFileIndexFileObject[/home/ilmoeuro/.m2/repository/org/jooq/jooq-meta/3.7.0/jooq-meta-3.7.0.jar(org/jooq/util/Definition.class)]]
[loading ZipFileIndexFileObject[/home/ilmoeuro/.m2/repository/org/jooq/jooq-codegen/3.7.0/jooq-codegen-3.7.0.jar(org/jooq/util/AbstractGeneratorStrategy.class)]]
[loading ZipFileIndexFileObject[/home/ilmoeuro/.m2/repository/org/jooq/jooq-codegen/3.7.0/jooq-codegen-3.7.0.jar(org/jooq/util/GeneratorStrategy$Mode.class)]]
[loading ZipFileIndexFileObject[/home/ilmoeuro/.m2/repository/org/checkerframework/jdk8/1.9.8/jdk8-1.9.8.jar(java/lang/String.class)]]
[loading ZipFileIndexFileObject[/home/ilmoeuro/.m2/repository/org/checkerframework/jdk8/1.9.8/jdk8-1.9.8.jar(java/lang/Override.class)]]
[loading ZipFileIndexFileObject[/home/ilmoeuro/.m2/repository/org/checkerframework/jdk8/1.9.8/jdk8-1.9.8.jar(java/lang/annotation/Annotation.class)]]
[loading ZipFileIndexFileObject[/home/ilmoeuro/.m2/repository/org/checkerframework/checker/1.9.8/checker-1.9.8.jar(org/checkerframework/checker/nullness/qual/EnsuresNonNullIf.class)]]
[loading ZipFileIndexFileObject[/home/ilmoeuro/.m2/repository/org/checkerframework/jdk8/1.9.8/jdk8-1.9.8.jar(java/lang/annotation/Target.class)]]
[loading ZipFileIndexFileObject[/home/ilmoeuro/.m2/repository/org/checkerframework/compiler/1.9.8/compiler-1.9.8.jar(java/lang/annotation/ElementType.class)]]
[loading ZipFileIndexFileObject[/home/ilmoeuro/.m2/repository/org/checkerframework/jdk8/1.9.8/jdk8-1.9.8.jar(java/lang/annotation/Retention.class)]]
[loading ZipFileIndexFileObject[/usr/lib/jvm/java-8-jdk/lib/ct.sym(META-INF/sym/rt.jar/java/lang/annotation/RetentionPolicy.class)]]
[loading ZipFileIndexFileObject[/home/ilmoeuro/.m2/repository/org/checkerframework/checker/1.9.8/checker-1.9.8.jar(org/checkerframework/framework/qual/ConditionalPostconditionAnnotation.class)]]
Round 1:
	input files: {fi.ilmoeuro.membertrack.plumbing.JooqGenerator, fi.ilmoeuro.membertrack.plumbing.JooqGeneratorStrategy}
	annotations: [java.lang.Override]
	last round: false
Processor lombok.launch.AnnotationProcessorHider$AnnotationProcessor matches [java.lang.Override] and returns false.
Processor org.checkerframework.checker.nullness.NullnessChecker matches [java.lang.Override] and returns false.
[parsing started lombok.javac.apt.EmptyLombokFileObject@63530f19]
[parsing completed 0ms]
[loading ZipFileIndexFileObject[/home/ilmoeuro/.m2/repository/org/jooq/jooq-codegen/3.7.0/jooq-codegen-3.7.0.jar(org/jooq/util/GeneratorStrategy.class)]]
[loading ZipFileIndexFileObject[/home/ilmoeuro/.m2/repository/org/jooq/jooq-codegen/3.7.0/jooq-codegen-3.7.0.jar(org/jooq/util/JavaGenerator.class)]]
[loading ZipFileIndexFileObject[/home/ilmoeuro/.m2/repository/org/jooq/jooq-codegen/3.7.0/jooq-codegen-3.7.0.jar(org/jooq/util/JavaWriter.class)]]
[loading ZipFileIndexFileObject[/home/ilmoeuro/.m2/repository/org/jooq/jooq-meta/3.7.0/jooq-meta-3.7.0.jar(org/jooq/util/TableDefinition.class)]]
[loading ZipFileIndexFileObject[/home/ilmoeuro/.m2/repository/org/jooq/jooq-codegen/3.7.0/jooq-codegen-3.7.0.jar(org/jooq/util/AbstractGenerator.class)]]
[loading ZipFileIndexFileObject[/home/ilmoeuro/.m2/repository/org/jooq/jooq-codegen/3.7.0/jooq-codegen-3.7.0.jar(org/jooq/util/Generator.class)]]
[loading ZipFileIndexFileObject[/home/ilmoeuro/.m2/repository/org/checkerframework/jdk8/1.9.8/jdk8-1.9.8.jar(java/lang/Object.class)]]
[loading ZipFileIndexFileObject[/home/ilmoeuro/.m2/repository/org/jooq/jooq-codegen/3.7.0/jooq-codegen-3.7.0.jar(org/jooq/util/DefaultGeneratorStrategy.class)]]
[loading ZipFileIndexFileObject[/home/ilmoeuro/.m2/repository/org/jooq/jooq-meta/3.7.0/jooq-meta-3.7.0.jar(org/jooq/util/Definition.class)]]
[loading ZipFileIndexFileObject[/home/ilmoeuro/.m2/repository/org/jooq/jooq-codegen/3.7.0/jooq-codegen-3.7.0.jar(org/jooq/util/AbstractGeneratorStrategy.class)]]
[loading ZipFileIndexFileObject[/home/ilmoeuro/.m2/repository/org/jooq/jooq-codegen/3.7.0/jooq-codegen-3.7.0.jar(org/jooq/util/GeneratorStrategy$Mode.class)]]
[loading ZipFileIndexFileObject[/home/ilmoeuro/.m2/repository/org/checkerframework/jdk8/1.9.8/jdk8-1.9.8.jar(java/lang/String.class)]]
[loading ZipFileIndexFileObject[/home/ilmoeuro/.m2/repository/org/checkerframework/jdk8/1.9.8/jdk8-1.9.8.jar(java/lang/Override.class)]]
[loading ZipFileIndexFileObject[/home/ilmoeuro/.m2/repository/org/checkerframework/jdk8/1.9.8/jdk8-1.9.8.jar(java/lang/annotation/Annotation.class)]]
[loading ZipFileIndexFileObject[/home/ilmoeuro/.m2/repository/org/checkerframework/checker/1.9.8/checker-1.9.8.jar(org/checkerframework/checker/nullness/qual/EnsuresNonNullIf.class)]]
[loading ZipFileIndexFileObject[/home/ilmoeuro/.m2/repository/org/checkerframework/jdk8/1.9.8/jdk8-1.9.8.jar(java/lang/annotation/Target.class)]]
[loading ZipFileIndexFileObject[/home/ilmoeuro/.m2/repository/org/checkerframework/compiler/1.9.8/compiler-1.9.8.jar(java/lang/annotation/ElementType.class)]]
[loading ZipFileIndexFileObject[/home/ilmoeuro/.m2/repository/org/checkerframework/jdk8/1.9.8/jdk8-1.9.8.jar(java/lang/annotation/Retention.class)]]
[loading ZipFileIndexFileObject[/usr/lib/jvm/java-8-jdk/lib/ct.sym(META-INF/sym/rt.jar/java/lang/annotation/RetentionPolicy.class)]]
[loading ZipFileIndexFileObject[/home/ilmoeuro/.m2/repository/org/checkerframework/checker/1.9.8/checker-1.9.8.jar(org/checkerframework/framework/qual/ConditionalPostconditionAnnotation.class)]]
Round 2:
	input files: {}
	annotations: []
	last round: false
Processor lombok.launch.AnnotationProcessorHider$AnnotationProcessor matches [] and returns false.
Processor org.checkerframework.checker.nullness.NullnessChecker matches [] and returns false.
[loading ZipFileIndexFileObject[/home/ilmoeuro/.m2/repository/org/jooq/jooq-codegen/3.7.0/jooq-codegen-3.7.0.jar(org/jooq/util/GeneratorStrategy.class)]]
[loading ZipFileIndexFileObject[/home/ilmoeuro/.m2/repository/org/jooq/jooq-codegen/3.7.0/jooq-codegen-3.7.0.jar(org/jooq/util/JavaGenerator.class)]]
[loading ZipFileIndexFileObject[/home/ilmoeuro/.m2/repository/org/jooq/jooq-codegen/3.7.0/jooq-codegen-3.7.0.jar(org/jooq/util/JavaWriter.class)]]
[loading ZipFileIndexFileObject[/home/ilmoeuro/.m2/repository/org/jooq/jooq-meta/3.7.0/jooq-meta-3.7.0.jar(org/jooq/util/TableDefinition.class)]]
[loading ZipFileIndexFileObject[/home/ilmoeuro/.m2/repository/org/jooq/jooq-codegen/3.7.0/jooq-codegen-3.7.0.jar(org/jooq/util/AbstractGenerator.class)]]
[loading ZipFileIndexFileObject[/home/ilmoeuro/.m2/repository/org/jooq/jooq-codegen/3.7.0/jooq-codegen-3.7.0.jar(org/jooq/util/Generator.class)]]
[loading ZipFileIndexFileObject[/home/ilmoeuro/.m2/repository/org/checkerframework/jdk8/1.9.8/jdk8-1.9.8.jar(java/lang/Object.class)]]
[loading ZipFileIndexFileObject[/home/ilmoeuro/.m2/repository/org/jooq/jooq-codegen/3.7.0/jooq-codegen-3.7.0.jar(org/jooq/util/DefaultGeneratorStrategy.class)]]
[loading ZipFileIndexFileObject[/home/ilmoeuro/.m2/repository/org/jooq/jooq-meta/3.7.0/jooq-meta-3.7.0.jar(org/jooq/util/Definition.class)]]
[loading ZipFileIndexFileObject[/home/ilmoeuro/.m2/repository/org/jooq/jooq-codegen/3.7.0/jooq-codegen-3.7.0.jar(org/jooq/util/AbstractGeneratorStrategy.class)]]
[loading ZipFileIndexFileObject[/home/ilmoeuro/.m2/repository/org/jooq/jooq-codegen/3.7.0/jooq-codegen-3.7.0.jar(org/jooq/util/GeneratorStrategy$Mode.class)]]
[loading ZipFileIndexFileObject[/home/ilmoeuro/.m2/repository/org/checkerframework/jdk8/1.9.8/jdk8-1.9.8.jar(java/lang/String.class)]]
[loading ZipFileIndexFileObject[/home/ilmoeuro/.m2/repository/org/checkerframework/jdk8/1.9.8/jdk8-1.9.8.jar(java/lang/Override.class)]]
[loading ZipFileIndexFileObject[/home/ilmoeuro/.m2/repository/org/checkerframework/jdk8/1.9.8/jdk8-1.9.8.jar(java/lang/annotation/Annotation.class)]]
[loading ZipFileIndexFileObject[/home/ilmoeuro/.m2/repository/org/checkerframework/checker/1.9.8/checker-1.9.8.jar(org/checkerframework/checker/nullness/qual/EnsuresNonNullIf.class)]]
[loading ZipFileIndexFileObject[/home/ilmoeuro/.m2/repository/org/checkerframework/jdk8/1.9.8/jdk8-1.9.8.jar(java/lang/annotation/Target.class)]]
[loading ZipFileIndexFileObject[/home/ilmoeuro/.m2/repository/org/checkerframework/compiler/1.9.8/compiler-1.9.8.jar(java/lang/annotation/ElementType.class)]]
[loading ZipFileIndexFileObject[/home/ilmoeuro/.m2/repository/org/checkerframework/jdk8/1.9.8/jdk8-1.9.8.jar(java/lang/annotation/Retention.class)]]
[loading ZipFileIndexFileObject[/usr/lib/jvm/java-8-jdk/lib/ct.sym(META-INF/sym/rt.jar/java/lang/annotation/RetentionPolicy.class)]]
[loading ZipFileIndexFileObject[/home/ilmoeuro/.m2/repository/org/checkerframework/checker/1.9.8/checker-1.9.8.jar(org/checkerframework/framework/qual/ConditionalPostconditionAnnotation.class)]]
Round 3:
	input files: {}
	annotations: []
	last round: true
[loading ZipFileIndexFileObject[/home/ilmoeuro/.m2/repository/org/jooq/jooq-codegen/3.7.0/jooq-codegen-3.7.0.jar(org/jooq/util/GeneratorStrategy.class)]]
[loading ZipFileIndexFileObject[/home/ilmoeuro/.m2/repository/org/jooq/jooq-codegen/3.7.0/jooq-codegen-3.7.0.jar(org/jooq/util/JavaGenerator.class)]]
[loading ZipFileIndexFileObject[/home/ilmoeuro/.m2/repository/org/jooq/jooq-codegen/3.7.0/jooq-codegen-3.7.0.jar(org/jooq/util/JavaWriter.class)]]
[loading ZipFileIndexFileObject[/home/ilmoeuro/.m2/repository/org/jooq/jooq-meta/3.7.0/jooq-meta-3.7.0.jar(org/jooq/util/TableDefinition.class)]]
[loading ZipFileIndexFileObject[/home/ilmoeuro/.m2/repository/org/jooq/jooq-codegen/3.7.0/jooq-codegen-3.7.0.jar(org/jooq/util/AbstractGenerator.class)]]
[loading ZipFileIndexFileObject[/home/ilmoeuro/.m2/repository/org/jooq/jooq-codegen/3.7.0/jooq-codegen-3.7.0.jar(org/jooq/util/Generator.class)]]
[loading ZipFileIndexFileObject[/home/ilmoeuro/.m2/repository/org/checkerframework/jdk8/1.9.8/jdk8-1.9.8.jar(java/lang/Object.class)]]
[loading ZipFileIndexFileObject[/home/ilmoeuro/.m2/repository/org/jooq/jooq-codegen/3.7.0/jooq-codegen-3.7.0.jar(org/jooq/util/DefaultGeneratorStrategy.class)]]
[loading ZipFileIndexFileObject[/home/ilmoeuro/.m2/repository/org/jooq/jooq-meta/3.7.0/jooq-meta-3.7.0.jar(org/jooq/util/Definition.class)]]
[loading ZipFileIndexFileObject[/home/ilmoeuro/.m2/repository/org/jooq/jooq-codegen/3.7.0/jooq-codegen-3.7.0.jar(org/jooq/util/AbstractGeneratorStrategy.class)]]
[loading ZipFileIndexFileObject[/home/ilmoeuro/.m2/repository/org/jooq/jooq-codegen/3.7.0/jooq-codegen-3.7.0.jar(org/jooq/util/GeneratorStrategy$Mode.class)]]
[loading ZipFileIndexFileObject[/home/ilmoeuro/.m2/repository/org/checkerframework/jdk8/1.9.8/jdk8-1.9.8.jar(java/lang/String.class)]]
[loading ZipFileIndexFileObject[/home/ilmoeuro/.m2/repository/org/checkerframework/jdk8/1.9.8/jdk8-1.9.8.jar(java/lang/Override.class)]]
[loading ZipFileIndexFileObject[/home/ilmoeuro/.m2/repository/org/checkerframework/jdk8/1.9.8/jdk8-1.9.8.jar(java/lang/annotation/Annotation.class)]]
[loading ZipFileIndexFileObject[/home/ilmoeuro/.m2/repository/org/checkerframework/checker/1.9.8/checker-1.9.8.jar(org/checkerframework/checker/nullness/qual/EnsuresNonNullIf.class)]]
[loading ZipFileIndexFileObject[/home/ilmoeuro/.m2/repository/org/checkerframework/jdk8/1.9.8/jdk8-1.9.8.jar(java/lang/annotation/Target.class)]]
[loading ZipFileIndexFileObject[/home/ilmoeuro/.m2/repository/org/checkerframework/compiler/1.9.8/compiler-1.9.8.jar(java/lang/annotation/ElementType.class)]]
[loading ZipFileIndexFileObject[/home/ilmoeuro/.m2/repository/org/checkerframework/jdk8/1.9.8/jdk8-1.9.8.jar(java/lang/annotation/Retention.class)]]
[loading ZipFileIndexFileObject[/usr/lib/jvm/java-8-jdk/lib/ct.sym(META-INF/sym/rt.jar/java/lang/annotation/RetentionPolicy.class)]]
[loading ZipFileIndexFileObject[/home/ilmoeuro/.m2/repository/org/checkerframework/checker/1.9.8/checker-1.9.8.jar(org/checkerframework/framework/qual/ConditionalPostconditionAnnotation.class)]]
[checking fi.ilmoeuro.membertrack.plumbing.JooqGenerator]
[loading ZipFileIndexFileObject[/home/ilmoeuro/.m2/repository/org/checkerframework/jdk8/1.9.8/jdk8-1.9.8.jar(java/io/Serializable.class)]]
[loading ZipFileIndexFileObject[/home/ilmoeuro/.m2/repository/org/checkerframework/jdk8/1.9.8/jdk8-1.9.8.jar(java/lang/AutoCloseable.class)]]
[loading ZipFileIndexFileObject[/home/ilmoeuro/.m2/repository/org/checkerframework/jdk8/1.9.8/jdk8-1.9.8.jar(java/lang/Byte.class)]]
[loading ZipFileIndexFileObject[/home/ilmoeuro/.m2/repository/org/checkerframework/jdk8/1.9.8/jdk8-1.9.8.jar(java/lang/Character.class)]]
[loading ZipFileIndexFileObject[/home/ilmoeuro/.m2/repository/org/checkerframework/jdk8/1.9.8/jdk8-1.9.8.jar(java/lang/Short.class)]]
[loading ZipFileIndexFileObject[/home/ilmoeuro/.m2/repository/org/checkerframework/jdk8/1.9.8/jdk8-1.9.8.jar(java/lang/Long.class)]]
[loading ZipFileIndexFileObject[/home/ilmoeuro/.m2/repository/org/checkerframework/jdk8/1.9.8/jdk8-1.9.8.jar(java/lang/Float.class)]]
[loading ZipFileIndexFileObject[/home/ilmoeuro/.m2/repository/org/checkerframework/jdk8/1.9.8/jdk8-1.9.8.jar(java/lang/Integer.class)]]
[loading ZipFileIndexFileObject[/home/ilmoeuro/.m2/repository/org/checkerframework/jdk8/1.9.8/jdk8-1.9.8.jar(java/lang/Double.class)]]
[loading ZipFileIndexFileObject[/home/ilmoeuro/.m2/repository/org/checkerframework/jdk8/1.9.8/jdk8-1.9.8.jar(java/lang/Boolean.class)]]
[loading ZipFileIndexFileObject[/home/ilmoeuro/.m2/repository/org/checkerframework/jdk8/1.9.8/jdk8-1.9.8.jar(java/lang/Void.class)]]
[loading ZipFileIndexFileObject[/home/ilmoeuro/.m2/repository/org/jooq/jooq-codegen/3.7.0/jooq-codegen-3.7.0.jar(org/jooq/util/GeneratorWriter.class)]]
[loading ZipFileIndexFileObject[/home/ilmoeuro/.m2/repository/org/checkerframework/checker/1.9.8/checker-1.9.8.jar(org/checkerframework/framework/qual/FromByteCode.class)]]
[loading ZipFileIndexFileObject[/home/ilmoeuro/.m2/repository/org/checkerframework/checker/1.9.8/checker-1.9.8.jar(org/checkerframework/framework/qual/SubtypeOf.class)]]
[loading ZipFileIndexFileObject[/home/ilmoeuro/.m2/repository/org/checkerframework/checker/1.9.8/checker-1.9.8.jar(org/checkerframework/framework/qual/FromStubFile.class)]]
[loading ZipFileIndexFileObject[/home/ilmoeuro/.m2/repository/org/checkerframework/checker/1.9.8/checker-1.9.8.jar(org/checkerframework/checker/nullness/qual/KeyFor.class)]]
[loading ZipFileIndexFileObject[/home/ilmoeuro/.m2/repository/org/checkerframework/checker/1.9.8/checker-1.9.8.jar(org/checkerframework/checker/nullness/qual/UnknownKeyFor.class)]]
[loading ZipFileIndexFileObject[/home/ilmoeuro/.m2/repository/org/checkerframework/checker/1.9.8/checker-1.9.8.jar(org/checkerframework/checker/nullness/qual/PolyKeyFor.class)]]
[loading ZipFileIndexFileObject[/home/ilmoeuro/.m2/repository/org/checkerframework/checker/1.9.8/checker-1.9.8.jar(org/checkerframework/framework/qual/PolymorphicQualifier.class)]]
[loading ZipFileIndexFileObject[/home/ilmoeuro/.m2/repository/org/checkerframework/checker/1.9.8/checker-1.9.8.jar(org/checkerframework/framework/qual/PolyAll.class)]]
[loading ZipFileIndexFileObject[/home/ilmoeuro/.m2/repository/org/checkerframework/checker/1.9.8/checker-1.9.8.jar(org/checkerframework/checker/nullness/qual/KeyForBottom.class)]]
[loading ZipFileIndexFileObject[/home/ilmoeuro/.m2/repository/org/checkerframework/checker/1.9.8/checker-1.9.8.jar(org/checkerframework/framework/qual/DefaultFor.class)]]
[loading ZipFileIndexFileObject[/home/ilmoeuro/.m2/repository/org/checkerframework/checker/1.9.8/checker-1.9.8.jar(org/checkerframework/framework/qual/DefaultLocation.class)]]
[loading ZipFileIndexFileObject[/home/ilmoeuro/.m2/repository/org/checkerframework/checker/1.9.8/checker-1.9.8.jar(org/checkerframework/framework/qual/ImplicitFor.class)]]
[loading ZipFileIndexFileObject[/home/ilmoeuro/.m2/repository/org/checkerframework/compiler/1.9.8/compiler-1.9.8.jar(com/sun/source/tree/Tree.class)]]
[loading ZipFileIndexFileObject[/home/ilmoeuro/.m2/repository/org/checkerframework/compiler/1.9.8/compiler-1.9.8.jar(com/sun/source/tree/Tree$Kind.class)]]
[loading ZipFileIndexFileObject[/home/ilmoeuro/.m2/repository/org/checkerframework/checker/1.9.8/checker-1.9.8.jar(org/checkerframework/dataflow/qual/Pure.class)]]
[loading ZipFileIndexFileObject[/home/ilmoeuro/.m2/repository/org/checkerframework/checker/1.9.8/checker-1.9.8.jar(org/checkerframework/dataflow/qual/SideEffectFree.class)]]
[loading ZipFileIndexFileObject[/home/ilmoeuro/.m2/repository/org/checkerframework/checker/1.9.8/checker-1.9.8.jar(org/checkerframework/dataflow/qual/Deterministic.class)]]
[loading ZipFileIndexFileObject[/home/ilmoeuro/.m2/repository/org/checkerframework/checker/1.9.8/checker-1.9.8.jar(org/checkerframework/dataflow/qual/TerminatesExecution.class)]]
[loading ZipFileIndexFileObject[/home/ilmoeuro/.m2/repository/org/checkerframework/checker/1.9.8/checker-1.9.8.jar(org/checkerframework/framework/qual/Unqualified.class)]]
[loading ZipFileIndexFileObject[/home/ilmoeuro/.m2/repository/org/checkerframework/jdk8/1.9.8/jdk8-1.9.8.jar(java/util/Map.class)]]
[loading ZipFileIndexFileObject[/home/ilmoeuro/.m2/repository/org/checkerframework/jdk8/1.9.8/jdk8-1.9.8.jar(java/util/Map$Entry.class)]]
[loading ZipFileIndexFileObject[/home/ilmoeuro/.m2/repository/org/checkerframework/checker/1.9.8/checker-1.9.8.jar(org/checkerframework/checker/nullness/qual/Covariant.class)]]
[loading ZipFileIndexFileObject[/home/ilmoeuro/.m2/repository/org/checkerframework/checker/1.9.8/checker-1.9.8.jar(org/checkerframework/dataflow/qual/LockingFree.class)]]
[loading ZipFileIndexFileObject[/home/ilmoeuro/.m2/repository/org/checkerframework/jdk8/1.9.8/jdk8-1.9.8.jar(java/lang/Class.class)]]
[loading ZipFileIndexFileObject[/usr/lib/jvm/java-8-jdk/lib/ct.sym(META-INF/sym/rt.jar/java/lang/Class$AnnotationData.class)]]
[loading ZipFileIndexFileObject[/usr/lib/jvm/java-8-jdk/lib/ct.sym(META-INF/sym/rt.jar/java/lang/Class$MethodArray.class)]]
[loading ZipFileIndexFileObject[/usr/lib/jvm/java-8-jdk/lib/ct.sym(META-INF/sym/rt.jar/java/lang/Class$ReflectionData.class)]]
[loading ZipFileIndexFileObject[/usr/lib/jvm/java-8-jdk/lib/ct.sym(META-INF/sym/rt.jar/java/lang/Class$Atomic.class)]]
[loading ZipFileIndexFileObject[/usr/lib/jvm/java-8-jdk/lib/ct.sym(META-INF/sym/rt.jar/java/lang/Class$EnclosingMethodInfo.class)]]
[loading ZipFileIndexFileObject[/home/ilmoeuro/.m2/repository/org/checkerframework/jdk8/1.9.8/jdk8-1.9.8.jar(java/lang/reflect/AnnotatedElement.class)]]
[loading ZipFileIndexFileObject[/home/ilmoeuro/.m2/repository/org/checkerframework/jdk8/1.9.8/jdk8-1.9.8.jar(java/lang/reflect/Type.class)]]
[loading ZipFileIndexFileObject[/home/ilmoeuro/.m2/repository/org/checkerframework/jdk8/1.9.8/jdk8-1.9.8.jar(java/lang/reflect/GenericDeclaration.class)]]
[loading ZipFileIndexFileObject[/usr/lib/jvm/java-8-jdk/lib/ct.sym(META-INF/sym/rt.jar/java/lang/Character$CharacterCache.class)]]
[loading ZipFileIndexFileObject[/usr/lib/jvm/java-8-jdk/lib/ct.sym(META-INF/sym/rt.jar/java/lang/Character$UnicodeScript.class)]]
[loading ZipFileIndexFileObject[/home/ilmoeuro/.m2/repository/org/checkerframework/jdk8/1.9.8/jdk8-1.9.8.jar(java/lang/Character$UnicodeBlock.class)]]
[loading ZipFileIndexFileObject[/home/ilmoeuro/.m2/repository/org/checkerframework/jdk8/1.9.8/jdk8-1.9.8.jar(java/lang/Character$Subset.class)]]
[loading ZipFileIndexFileObject[/home/ilmoeuro/.m2/repository/org/checkerframework/jdk8/1.9.8/jdk8-1.9.8.jar(java/lang/Comparable.class)]]
[loading ZipFileIndexFileObject[/home/ilmoeuro/.m2/repository/org/checkerframework/jdk8/1.9.8/jdk8-1.9.8.jar(java/lang/CharSequence.class)]]
[loading ZipFileIndexFileObject[/home/ilmoeuro/.m2/repository/org/checkerframework/jdk8/1.9.8/jdk8-1.9.8.jar(java/lang/String$CaseInsensitiveComparator.class)]]
[loading ZipFileIndexFileObject[/home/ilmoeuro/.m2/repository/org/checkerframework/jdk8/1.9.8/jdk8-1.9.8.jar(java/lang/System.class)]]
[loading ZipFileIndexFileObject[/home/ilmoeuro/.m2/repository/org/checkerframework/jdk8/1.9.8/jdk8-1.9.8.jar(java/lang/UnsupportedOperationException.class)]]
[loading ZipFileIndexFileObject[/home/ilmoeuro/.m2/repository/org/checkerframework/jdk8/1.9.8/jdk8-1.9.8.jar(java/lang/Throwable.class)]]
[loading ZipFileIndexFileObject[/home/ilmoeuro/.m2/repository/org/checkerframework/jdk8/1.9.8/jdk8-1.9.8.jar(java/util/TimeZone.class)]]
[loading ZipFileIndexFileObject[/home/ilmoeuro/.m2/repository/org/checkerframework/checker/1.9.8/checker-1.9.8.jar(org/checkerframework/checker/igj/qual/I.class)]]
[loading ZipFileIndexFileObject[/home/ilmoeuro/.m2/repository/org/checkerframework/jdk8/1.9.8/jdk8-1.9.8.jar(java/lang/Cloneable.class)]]
[loading ZipFileIndexFileObject[/home/ilmoeuro/.m2/repository/org/checkerframework/jdk8/1.9.8/jdk8-1.9.8.jar(java/util/logging/Logger.class)]]
[loading ZipFileIndexFileObject[/home/ilmoeuro/.m2/repository/org/checkerframework/jdk8/1.9.8/jdk8-1.9.8.jar(java/util/logging/Logger$SystemLoggerHelper.class)]]
[loading ZipFileIndexFileObject[/usr/lib/jvm/java-8-jdk/lib/ct.sym(META-INF/sym/rt.jar/java/util/logging/Logger$LoggerBundle.class)]]
[loading ZipFileIndexFileObject[/usr/lib/jvm/java-8-jdk/lib/ct.sym(META-INF/sym/rt.jar/java/util/logging/Level.class)]]
[loading ZipFileIndexFileObject[/usr/lib/jvm/java-8-jdk/lib/ct.sym(META-INF/sym/rt.jar/java/util/logging/LogRecord.class)]]
[loading ZipFileIndexFileObject[/home/ilmoeuro/.m2/repository/org/checkerframework/jdk8/1.9.8/jdk8-1.9.8.jar(java/lang/SecurityException.class)]]
[loading ZipFileIndexFileObject[/home/ilmoeuro/.m2/repository/org/checkerframework/jdk8/1.9.8/jdk8-1.9.8.jar(java/util/ResourceBundle.class)]]
[loading ZipFileIndexFileObject[/usr/lib/jvm/java-8-jdk/lib/ct.sym(META-INF/sym/rt.jar/java/util/logging/Handler.class)]]
[loading ZipFileIndexFileObject[/usr/lib/jvm/java-8-jdk/lib/ct.sym(META-INF/sym/rt.jar/java/util/logging/Filter.class)]]
[loading ZipFileIndexFileObject[/home/ilmoeuro/.m2/repository/org/checkerframework/jdk8/1.9.8/jdk8-1.9.8.jar(java/util/regex/Pattern.class)]]
[loading ZipFileIndexFileObject[/usr/lib/jvm/java-8-jdk/lib/ct.sym(META-INF/sym/rt.jar/java/util/regex/Pattern$CharPropertyNames.class)]]
[loading ZipFileIndexFileObject[/usr/lib/jvm/java-8-jdk/lib/ct.sym(META-INF/sym/rt.jar/java/util/regex/Pattern$BnMS.class)]]
[loading ZipFileIndexFileObject[/usr/lib/jvm/java-8-jdk/lib/ct.sym(META-INF/sym/rt.jar/java/util/regex/Pattern$BnM.class)]]
[loading ZipFileIndexFileObject[/usr/lib/jvm/java-8-jdk/lib/ct.sym(META-INF/sym/rt.jar/java/util/regex/Pattern$Bound.class)]]
[loading ZipFileIndexFileObject[/usr/lib/jvm/java-8-jdk/lib/ct.sym(META-INF/sym/rt.jar/java/util/regex/Pattern$NotBehindS.class)]]
[loading ZipFileIndexFileObject[/usr/lib/jvm/java-8-jdk/lib/ct.sym(META-INF/sym/rt.jar/java/util/regex/Pattern$NotBehind.class)]]
[loading ZipFileIndexFileObject[/usr/lib/jvm/java-8-jdk/lib/ct.sym(META-INF/sym/rt.jar/java/util/regex/Pattern$BehindS.class)]]
[loading ZipFileIndexFileObject[/usr/lib/jvm/java-8-jdk/lib/ct.sym(META-INF/sym/rt.jar/java/util/regex/Pattern$Behind.class)]]
[loading ZipFileIndexFileObject[/usr/lib/jvm/java-8-jdk/lib/ct.sym(META-INF/sym/rt.jar/java/util/regex/Pattern$Neg.class)]]
[loading ZipFileIndexFileObject[/usr/lib/jvm/java-8-jdk/lib/ct.sym(META-INF/sym/rt.jar/java/util/regex/Pattern$Pos.class)]]
[loading ZipFileIndexFileObject[/usr/lib/jvm/java-8-jdk/lib/ct.sym(META-INF/sym/rt.jar/java/util/regex/Pattern$Conditional.class)]]
[loading ZipFileIndexFileObject[/usr/lib/jvm/java-8-jdk/lib/ct.sym(META-INF/sym/rt.jar/java/util/regex/Pattern$First.class)]]
[loading ZipFileIndexFileObject[/usr/lib/jvm/java-8-jdk/lib/ct.sym(META-INF/sym/rt.jar/java/util/regex/Pattern$CIBackRef.class)]]
[loading ZipFileIndexFileObject[/usr/lib/jvm/java-8-jdk/lib/ct.sym(META-INF/sym/rt.jar/java/util/regex/Pattern$BackRef.class)]]
[loading ZipFileIndexFileObject[/usr/lib/jvm/java-8-jdk/lib/ct.sym(META-INF/sym/rt.jar/java/util/regex/Pattern$LazyLoop.class)]]
[loading ZipFileIndexFileObject[/usr/lib/jvm/java-8-jdk/lib/ct.sym(META-INF/sym/rt.jar/java/util/regex/Pattern$Loop.class)]]
[loading ZipFileIndexFileObject[/usr/lib/jvm/java-8-jdk/lib/ct.sym(META-INF/sym/rt.jar/java/util/regex/Pattern$Prolog.class)]]
[loading ZipFileIndexFileObject[/usr/lib/jvm/java-8-jdk/lib/ct.sym(META-INF/sym/rt.jar/java/util/regex/Pattern$GroupTail.class)]]
[loading ZipFileIndexFileObject[/usr/lib/jvm/java-8-jdk/lib/ct.sym(META-INF/sym/rt.jar/java/util/regex/Pattern$GroupRef.class)]]
[loading ZipFileIndexFileObject[/usr/lib/jvm/java-8-jdk/lib/ct.sym(META-INF/sym/rt.jar/java/util/regex/Pattern$GroupHead.class)]]
[loading ZipFileIndexFileObject[/usr/lib/jvm/java-8-jdk/lib/ct.sym(META-INF/sym/rt.jar/java/util/regex/Pattern$Branch.class)]]
[loading ZipFileIndexFileObject[/usr/lib/jvm/java-8-jdk/lib/ct.sym(META-INF/sym/rt.jar/java/util/regex/Pattern$BranchConn.class)]]
[loading ZipFileIndexFileObject[/usr/lib/jvm/java-8-jdk/lib/ct.sym(META-INF/sym/rt.jar/java/util/regex/Pattern$GroupCurly.class)]]
[loading ZipFileIndexFileObject[/usr/lib/jvm/java-8-jdk/lib/ct.sym(META-INF/sym/rt.jar/java/util/regex/Pattern$Curly.class)]]
[loading ZipFileIndexFileObject[/usr/lib/jvm/java-8-jdk/lib/ct.sym(META-INF/sym/rt.jar/java/util/regex/Pattern$Ques.class)]]
[loading ZipFileIndexFileObject[/usr/lib/jvm/java-8-jdk/lib/ct.sym(META-INF/sym/rt.jar/java/util/regex/Pattern$UnixDot.class)]]
[loading ZipFileIndexFileObject[/usr/lib/jvm/java-8-jdk/lib/ct.sym(META-INF/sym/rt.jar/java/util/regex/Pattern$Dot.class)]]
[loading ZipFileIndexFileObject[/usr/lib/jvm/java-8-jdk/lib/ct.sym(META-INF/sym/rt.jar/java/util/regex/Pattern$All.class)]]
[loading ZipFileIndexFileObject[/usr/lib/jvm/java-8-jdk/lib/ct.sym(META-INF/sym/rt.jar/java/util/regex/Pattern$SliceUS.class)]]
[loading ZipFileIndexFileObject[/usr/lib/jvm/java-8-jdk/lib/ct.sym(META-INF/sym/rt.jar/java/util/regex/Pattern$SliceIS.class)]]
[loading ZipFileIndexFileObject[/usr/lib/jvm/java-8-jdk/lib/ct.sym(META-INF/sym/rt.jar/java/util/regex/Pattern$SliceS.class)]]
[loading ZipFileIndexFileObject[/usr/lib/jvm/java-8-jdk/lib/ct.sym(META-INF/sym/rt.jar/java/util/regex/Pattern$SliceU.class)]]
[loading ZipFileIndexFileObject[/usr/lib/jvm/java-8-jdk/lib/ct.sym(META-INF/sym/rt.jar/java/util/regex/Pattern$SliceI.class)]]
[loading ZipFileIndexFileObject[/usr/lib/jvm/java-8-jdk/lib/ct.sym(META-INF/sym/rt.jar/java/util/regex/Pattern$Slice.class)]]
[loading ZipFileIndexFileObject[/usr/lib/jvm/java-8-jdk/lib/ct.sym(META-INF/sym/rt.jar/java/util/regex/Pattern$SliceNode.class)]]
[loading ZipFileIndexFileObject[/usr/lib/jvm/java-8-jdk/lib/ct.sym(META-INF/sym/rt.jar/java/util/regex/Pattern$HorizWS.class)]]
[loading ZipFileIndexFileObject[/usr/lib/jvm/java-8-jdk/lib/ct.sym(META-INF/sym/rt.jar/java/util/regex/Pattern$VertWS.class)]]
[loading ZipFileIndexFileObject[/usr/lib/jvm/java-8-jdk/lib/ct.sym(META-INF/sym/rt.jar/java/util/regex/Pattern$Ctype.class)]]
[loading ZipFileIndexFileObject[/usr/lib/jvm/java-8-jdk/lib/ct.sym(META-INF/sym/rt.jar/java/util/regex/Pattern$Utype.class)]]
[loading ZipFileIndexFileObject[/usr/lib/jvm/java-8-jdk/lib/ct.sym(META-INF/sym/rt.jar/java/util/regex/Pattern$Category.class)]]
[loading ZipFileIndexFileObject[/usr/lib/jvm/java-8-jdk/lib/ct.sym(META-INF/sym/rt.jar/java/util/regex/Pattern$Script.class)]]
[loading ZipFileIndexFileObject[/usr/lib/jvm/java-8-jdk/lib/ct.sym(META-INF/sym/rt.jar/java/util/regex/Pattern$Block.class)]]
[loading ZipFileIndexFileObject[/usr/lib/jvm/java-8-jdk/lib/ct.sym(META-INF/sym/rt.jar/java/util/regex/Pattern$SingleU.class)]]
[loading ZipFileIndexFileObject[/usr/lib/jvm/java-8-jdk/lib/ct.sym(META-INF/sym/rt.jar/java/util/regex/Pattern$SingleI.class)]]
[loading ZipFileIndexFileObject[/usr/lib/jvm/java-8-jdk/lib/ct.sym(META-INF/sym/rt.jar/java/util/regex/Pattern$Single.class)]]
[loading ZipFileIndexFileObject[/usr/lib/jvm/java-8-jdk/lib/ct.sym(META-INF/sym/rt.jar/java/util/regex/Pattern$SingleS.class)]]
[loading ZipFileIndexFileObject[/usr/lib/jvm/java-8-jdk/lib/ct.sym(META-INF/sym/rt.jar/java/util/regex/Pattern$BmpCharProperty.class)]]
[loading ZipFileIndexFileObject[/usr/lib/jvm/java-8-jdk/lib/ct.sym(META-INF/sym/rt.jar/java/util/regex/Pattern$CharProperty.class)]]
[loading ZipFileIndexFileObject[/usr/lib/jvm/java-8-jdk/lib/ct.sym(META-INF/sym/rt.jar/java/util/regex/Pattern$LineEnding.class)]]
[loading ZipFileIndexFileObject[/usr/lib/jvm/java-8-jdk/lib/ct.sym(META-INF/sym/rt.jar/java/util/regex/Pattern$UnixDollar.class)]]
[loading ZipFileIndexFileObject[/usr/lib/jvm/java-8-jdk/lib/ct.sym(META-INF/sym/rt.jar/java/util/regex/Pattern$Dollar.class)]]
[loading ZipFileIndexFileObject[/usr/lib/jvm/java-8-jdk/lib/ct.sym(META-INF/sym/rt.jar/java/util/regex/Pattern$LastMatch.class)]]
[loading ZipFileIndexFileObject[/usr/lib/jvm/java-8-jdk/lib/ct.sym(META-INF/sym/rt.jar/java/util/regex/Pattern$UnixCaret.class)]]
[loading ZipFileIndexFileObject[/usr/lib/jvm/java-8-jdk/lib/ct.sym(META-INF/sym/rt.jar/java/util/regex/Pattern$Caret.class)]]
[loading ZipFileIndexFileObject[/usr/lib/jvm/java-8-jdk/lib/ct.sym(META-INF/sym/rt.jar/java/util/regex/Pattern$End.class)]]
[loading ZipFileIndexFileObject[/usr/lib/jvm/java-8-jdk/lib/ct.sym(META-INF/sym/rt.jar/java/util/regex/Pattern$Begin.class)]]
[loading ZipFileIndexFileObject[/usr/lib/jvm/java-8-jdk/lib/ct.sym(META-INF/sym/rt.jar/java/util/regex/Pattern$StartS.class)]]
[loading ZipFileIndexFileObject[/usr/lib/jvm/java-8-jdk/lib/ct.sym(META-INF/sym/rt.jar/java/util/regex/Pattern$Start.class)]]
[loading ZipFileIndexFileObject[/usr/lib/jvm/java-8-jdk/lib/ct.sym(META-INF/sym/rt.jar/java/util/regex/Pattern$LastNode.class)]]
[loading ZipFileIndexFileObject[/usr/lib/jvm/java-8-jdk/lib/ct.sym(META-INF/sym/rt.jar/java/util/regex/Pattern$Node.class)]]
[loading ZipFileIndexFileObject[/usr/lib/jvm/java-8-jdk/lib/ct.sym(META-INF/sym/rt.jar/java/util/regex/Pattern$BitClass.class)]]
[loading ZipFileIndexFileObject[/usr/lib/jvm/java-8-jdk/lib/ct.sym(META-INF/sym/rt.jar/java/util/regex/Pattern$TreeInfo.class)]]
[loading ZipFileIndexFileObject[/home/ilmoeuro/.m2/repository/org/checkerframework/jdk8/1.9.8/jdk8-1.9.8.jar(java/util/Vector.class)]]
[loading ZipFileIndexFileObject[/home/ilmoeuro/.m2/repository/org/checkerframework/checker/1.9.8/checker-1.9.8.jar(org/checkerframework/checker/initialization/qual/Initialized.class)]]
[loading ZipFileIndexFileObject[/home/ilmoeuro/.m2/repository/org/checkerframework/checker/1.9.8/checker-1.9.8.jar(org/checkerframework/checker/initialization/qual/UnderInitialization.class)]]
[loading ZipFileIndexFileObject[/home/ilmoeuro/.m2/repository/org/checkerframework/checker/1.9.8/checker-1.9.8.jar(org/checkerframework/checker/initialization/qual/NotOnlyInitialized.class)]]
[loading ZipFileIndexFileObject[/home/ilmoeuro/.m2/repository/org/checkerframework/checker/1.9.8/checker-1.9.8.jar(org/checkerframework/checker/initialization/qual/FBCBottom.class)]]
[loading ZipFileIndexFileObject[/home/ilmoeuro/.m2/repository/org/checkerframework/checker/1.9.8/checker-1.9.8.jar(org/checkerframework/checker/initialization/qual/UnknownInitialization.class)]]
[loading ZipFileIndexFileObject[/home/ilmoeuro/.m2/repository/org/checkerframework/checker/1.9.8/checker-1.9.8.jar(org/checkerframework/checker/nullness/qual/NonNull.class)]]
[loading ZipFileIndexFileObject[/home/ilmoeuro/.m2/repository/org/checkerframework/compiler/1.9.8/compiler-1.9.8.jar(javax/lang/model/type/TypeKind.class)]]
[loading ZipFileIndexFileObject[/home/ilmoeuro/.m2/repository/org/checkerframework/checker/1.9.8/checker-1.9.8.jar(org/checkerframework/framework/qual/DefaultForUnannotatedCode.class)]]
[loading ZipFileIndexFileObject[/home/ilmoeuro/.m2/repository/org/checkerframework/checker/1.9.8/checker-1.9.8.jar(org/checkerframework/checker/nullness/qual/Nullable.class)]]
[loading ZipFileIndexFileObject[/home/ilmoeuro/.m2/repository/org/checkerframework/checker/1.9.8/checker-1.9.8.jar(org/checkerframework/checker/nullness/qual/PolyNull.class)]]
[loading ZipFileIndexFileObject[/home/ilmoeuro/.m2/repository/org/checkerframework/checker/1.9.8/checker-1.9.8.jar(org/checkerframework/checker/nullness/qual/MonotonicNonNull.class)]]
[loading ZipFileIndexFileObject[/home/ilmoeuro/.m2/repository/org/checkerframework/checker/1.9.8/checker-1.9.8.jar(org/checkerframework/framework/qual/MonotonicQualifier.class)]]
[loading ZipFileIndexFileObject[/home/ilmoeuro/.m2/repository/org/checkerframework/jdk8/1.9.8/jdk8-1.9.8.jar(java/util/Collection.class)]]
[loading ZipFileIndexFileObject[/home/ilmoeuro/.m2/repository/org/jooq/jooq-codegen/3.7.0/jooq-codegen-3.7.0.jar(org/jooq/util/JavaGenerator$AvoidAmbiguousClassesFilter.class)]]
[loading ZipFileIndexFileObject[/home/ilmoeuro/.m2/repository/org/jooq/jooq-codegen/3.7.0/jooq-codegen-3.7.0.jar(org/jooq/util/AbstractGenerator$Language.class)]]
[loading ZipFileIndexFileObject[/home/ilmoeuro/.m2/repository/org/checkerframework/jdk8/1.9.8/jdk8-1.9.8.jar(java/lang/NullPointerException.class)]]
[loading ZipFileIndexFileObject[/home/ilmoeuro/.m2/repository/org/checkerframework/checker/1.9.8/checker-1.9.8.jar(org/checkerframework/framework/qual/InvisibleQualifier.class)]]
[loading ZipFileIndexFileObject[/home/ilmoeuro/.m2/repository/org/checkerframework/checker/1.9.8/checker-1.9.8.jar(org/checkerframework/checker/javari/qual/ReadOnly.class)]]
[loading ZipFileIndexFileObject[/home/ilmoeuro/.m2/repository/org/jooq/jooq-meta/3.7.0/jooq-meta-3.7.0.jar(org/jooq/util/SchemaDefinition.class)]]
[wrote RegularFileObject[/home/ilmoeuro/Asiakirjat/Projektit/membertrack/membertrack-webapp-builddeps/target/classes/fi/ilmoeuro/membertrack/plumbing/JooqGenerator.class]]
[checking fi.ilmoeuro.membertrack.plumbing.JooqGeneratorStrategy]
[loading ZipFileIndexFileObject[/home/ilmoeuro/.m2/repository/org/checkerframework/jdk8/1.9.8/jdk8-1.9.8.jar(java/util/List.class)]]
[loading ZipFileIndexFileObject[/home/ilmoeuro/.m2/repository/org/checkerframework/jdk8/1.9.8/jdk8-1.9.8.jar(java/lang/Enum.class)]]
[loading ZipFileIndexFileObject[/home/ilmoeuro/.m2/repository/org/checkerframework/jdk8/1.9.8/jdk8-1.9.8.jar(java/lang/SuppressWarnings.class)]]
[loading ZipFileIndexFileObject[/home/ilmoeuro/.m2/repository/org/checkerframework/checker/1.9.8/checker-1.9.8.jar(org/checkerframework/checker/nullness/qual/NonRaw.class)]]
[loading ZipFileIndexFileObject[/home/ilmoeuro/.m2/repository/org/checkerframework/jdk8/1.9.8/jdk8-1.9.8.jar(java/lang/StringBuilder.class)]]
[loading ZipFileIndexFileObject[/home/ilmoeuro/.m2/repository/org/checkerframework/jdk8/1.9.8/jdk8-1.9.8.jar(java/lang/AbstractStringBuilder.class)]]
[loading ZipFileIndexFileObject[/home/ilmoeuro/.m2/repository/org/checkerframework/jdk8/1.9.8/jdk8-1.9.8.jar(java/lang/Appendable.class)]]
[loading ZipFileIndexFileObject[/home/ilmoeuro/.m2/repository/org/checkerframework/jdk8/1.9.8/jdk8-1.9.8.jar(java/lang/StringBuffer.class)]]
[wrote RegularFileObject[/home/ilmoeuro/Asiakirjat/Projektit/membertrack/membertrack-webapp-builddeps/target/classes/fi/ilmoeuro/membertrack/plumbing/JooqGeneratorStrategy.class]]
[total 3339ms]
