[parsing started RegularFileObject[/home/ilmoeuro/Asiakirjat/Projektit/membertrack/membertrack-webapp/src/test/java/fi/ilmoeuro/membertrack/TestBase.java]]
[parsing completed 33ms]
[search path for source files: /home/ilmoeuro/Asiakirjat/Projektit/membertrack/membertrack-webapp/src/test/java]
[search path for class files: /home/ilmoeuro/.m2/repository/org/checkerframework/jdk8/1.9.6/jdk8-1.9.6.jar,/usr/lib/jvm/java-8-openjdk/jre/lib/resources.jar,/usr/lib/jvm/java-8-openjdk/jre/lib/rt.jar,/usr/lib/jvm/java-8-openjdk/jre/lib/sunrsasign.jar,/usr/lib/jvm/java-8-openjdk/jre/lib/jsse.jar,/usr/lib/jvm/java-8-openjdk/jre/lib/jce.jar,/usr/lib/jvm/java-8-openjdk/jre/lib/charsets.jar,/usr/lib/jvm/java-8-openjdk/jre/lib/jfr.jar,/usr/lib/jvm/java-8-openjdk/jre/classes,/usr/lib/jvm/java-8-openjdk/jre/lib/ext/dnsns.jar,/usr/lib/jvm/java-8-openjdk/jre/lib/ext/cldrdata.jar,/usr/lib/jvm/java-8-openjdk/jre/lib/ext/sunpkcs11.jar,/usr/lib/jvm/java-8-openjdk/jre/lib/ext/sunjce_provider.jar,/usr/lib/jvm/java-8-openjdk/jre/lib/ext/nashorn.jar,/usr/lib/jvm/java-8-openjdk/jre/lib/ext/sunec.jar,/usr/lib/jvm/java-8-openjdk/jre/lib/ext/zipfs.jar,/usr/lib/jvm/java-8-openjdk/jre/lib/ext/localedata.jar,/usr/lib/jvm/java-8-openjdk/jre/lib/ext/jaccess.jar,/home/ilmoeuro/Asiakirjat/Projektit/membertrack/membertrack-webapp/target/test-classes,/home/ilmoeuro/Asiakirjat/Projektit/membertrack/membertrack-webapp/target/classes,/home/ilmoeuro/.m2/repository/com/google/guava/guava/18.0/guava-18.0.jar,/home/ilmoeuro/.m2/repository/javax/javaee-web-api/7.0/javaee-web-api-7.0.jar,/home/ilmoeuro/.m2/repository/org/glassfish/jersey/containers/jersey-container-servlet/2.22/jersey-container-servlet-2.22.jar,/home/ilmoeuro/.m2/repository/org/glassfish/jersey/containers/jersey-container-servlet-core/2.22/jersey-container-servlet-core-2.22.jar,/home/ilmoeuro/.m2/repository/org/glassfish/jersey/core/jersey-common/2.22/jersey-common-2.22.jar,/home/ilmoeuro/.m2/repository/javax/annotation/javax.annotation-api/1.2/javax.annotation-api-1.2.jar,/home/ilmoeuro/.m2/repository/org/glassfish/jersey/bundles/repackaged/jersey-guava/2.22/jersey-guava-2.22.jar,/home/ilmoeuro/.m2/repository/org/glassfish/hk2/hk2-api/2.4.0-b31/hk2-api-2.4.0-b31.jar,/home/ilmoeuro/.m2/repository/org/glassfish/hk2/hk2-utils/2.4.0-b31/hk2-utils-2.4.0-b31.jar,/home/ilmoeuro/.m2/repository/org/glassfish/hk2/external/aopalliance-repackaged/2.4.0-b31/aopalliance-repackaged-2.4.0-b31.jar,/home/ilmoeuro/.m2/repository/org/glassfish/hk2/hk2-locator/2.4.0-b31/hk2-locator-2.4.0-b31.jar,/home/ilmoeuro/.m2/repository/org/javassist/javassist/3.18.1-GA/javassist-3.18.1-GA.jar,/home/ilmoeuro/.m2/repository/org/glassfish/hk2/osgi-resource-locator/1.0.1/osgi-resource-locator-1.0.1.jar,/home/ilmoeuro/.m2/repository/org/glassfish/jersey/core/jersey-server/2.22/jersey-server-2.22.jar,/home/ilmoeuro/.m2/repository/org/glassfish/jersey/core/jersey-client/2.22/jersey-client-2.22.jar,/home/ilmoeuro/.m2/repository/org/glassfish/jersey/media/jersey-media-jaxb/2.22/jersey-media-jaxb-2.22.jar,/home/ilmoeuro/.m2/repository/javax/validation/validation-api/1.1.0.Final/validation-api-1.1.0.Final.jar,/home/ilmoeuro/.m2/repository/javax/ws/rs/javax.ws.rs-api/2.0.1/javax.ws.rs-api-2.0.1.jar,/home/ilmoeuro/.m2/repository/org/glassfish/jersey/ext/jersey-mvc/2.22/jersey-mvc-2.22.jar,/home/ilmoeuro/.m2/repository/javax/servlet/servlet-api/2.4/servlet-api-2.4.jar,/home/ilmoeuro/.m2/repository/org/glassfish/jersey/ext/jersey-mvc-jsp/2.22/jersey-mvc-jsp-2.22.jar,/home/ilmoeuro/.m2/repository/org/glassfish/hk2/external/javax.inject/2.4.0-b31/javax.inject-2.4.0-b31.jar,/home/ilmoeuro/.m2/repository/org/glassfish/jersey/ext/jersey-mvc-bean-validation/2.22/jersey-mvc-bean-validation-2.22.jar,/home/ilmoeuro/.m2/repository/org/glassfish/jersey/ext/jersey-bean-validation/2.22/jersey-bean-validation-2.22.jar,/home/ilmoeuro/.m2/repository/org/hibernate/hibernate-validator/5.1.3.Final/hibernate-validator-5.1.3.Final.jar,/home/ilmoeuro/.m2/repository/org/jboss/logging/jboss-logging/3.1.3.GA/jboss-logging-3.1.3.GA.jar,/home/ilmoeuro/.m2/repository/com/fasterxml/classmate/1.0.0/classmate-1.0.0.jar,/home/ilmoeuro/.m2/repository/org/glassfish/web/javax.el/2.2.4/javax.el-2.2.4.jar,/home/ilmoeuro/.m2/repository/org/glassfish/jersey/ext/jersey-declarative-linking/2.22/jersey-declarative-linking-2.22.jar,/home/ilmoeuro/.m2/repository/commons-io/commons-io/2.4/commons-io-2.4.jar,/home/ilmoeuro/.m2/repository/commons-codec/commons-codec/1.10/commons-codec-1.10.jar,/home/ilmoeuro/.m2/repository/commons-lang/commons-lang/2.6/commons-lang-2.6.jar,/home/ilmoeuro/.m2/repository/org/jooq/jooq/3.5.3/jooq-3.5.3.jar,/home/ilmoeuro/.m2/repository/org/jooq/jooq-meta/3.5.3/jooq-meta-3.5.3.jar,/home/ilmoeuro/.m2/repository/org/jooq/jooq-codegen/3.5.3/jooq-codegen-3.5.3.jar,/home/ilmoeuro/.m2/repository/org/jooq/jool/0.9.7/jool-0.9.7.jar,/home/ilmoeuro/.m2/repository/org/modelmapper/modelmapper/0.7.4/modelmapper-0.7.4.jar,/home/ilmoeuro/.m2/repository/org/modelmapper/extensions/modelmapper-jooq/0.7.4/modelmapper-jooq-0.7.4.jar,/home/ilmoeuro/.m2/repository/com/typesafe/config/1.3.0-M1/config-1.3.0-M1.jar,/home/ilmoeuro/.m2/repository/org/projectlombok/lombok/1.16.2/lombok-1.16.2.jar,/home/ilmoeuro/.m2/repository/com/h2database/h2/1.4.186/h2-1.4.186.jar,/home/ilmoeuro/.m2/repository/com/google/code/findbugs/annotations/3.0.0/annotations-3.0.0.jar,/home/ilmoeuro/.m2/repository/org/checkerframework/checker-qual/1.9.6/checker-qual-1.9.6.jar,/home/ilmoeuro/.m2/repository/org/testng/testng/6.1.1/testng-6.1.1.jar,/home/ilmoeuro/.m2/repository/junit/junit/3.8.1/junit-3.8.1.jar,/home/ilmoeuro/.m2/repository/org/beanshell/bsh/2.0b4/bsh-2.0b4.jar,/home/ilmoeuro/.m2/repository/com/beust/jcommander/1.12/jcommander-1.12.jar,/home/ilmoeuro/.m2/repository/org/yaml/snakeyaml/1.6/snakeyaml-1.6.jar,/home/ilmoeuro/.m2/repository/org/hamcrest/hamcrest-all/1.3/hamcrest-all-1.3.jar,/home/ilmoeuro/.m2/repository/org/checkerframework/checker/1.9.6/checker-1.9.6.jar,/home/ilmoeuro/.m2/repository/org/checkerframework/jdk8/1.9.6/jdk8-1.9.6.jar,.]
[loading ZipFileIndexFileObject[/home/ilmoeuro/.m2/repository/org/checkerframework/jdk8/1.9.6/jdk8-1.9.6.jar(java/io/IOException.class)]]
[loading ZipFileIndexFileObject[/home/ilmoeuro/.m2/repository/org/checkerframework/jdk8/1.9.6/jdk8-1.9.6.jar(java/io/InputStream.class)]]
[loading ZipFileIndexFileObject[/usr/lib/jvm/java-8-openjdk/lib/ct.sym(META-INF/sym/rt.jar/java/sql/Connection.class)]]
[loading ZipFileIndexFileObject[/usr/lib/jvm/java-8-openjdk/lib/ct.sym(META-INF/sym/rt.jar/java/sql/DriverManager.class)]]
[loading ZipFileIndexFileObject[/usr/lib/jvm/java-8-openjdk/lib/ct.sym(META-INF/sym/rt.jar/java/sql/SQLException.class)]]
[loading ZipFileIndexFileObject[/home/ilmoeuro/.m2/repository/commons-io/commons-io/2.4/commons-io-2.4.jar(org/apache/commons/io/Charsets.class)]]
[loading ZipFileIndexFileObject[/home/ilmoeuro/.m2/repository/commons-io/commons-io/2.4/commons-io-2.4.jar(org/apache/commons/io/IOUtils.class)]]
[loading ZipFileIndexFileObject[/home/ilmoeuro/.m2/repository/org/checkerframework/checker-qual/1.9.6/checker-qual-1.9.6.jar(org/checkerframework/checker/nullness/qual/Nullable.class)]]
[loading ZipFileIndexFileObject[/home/ilmoeuro/.m2/repository/org/jooq/jooq/3.5.3/jooq-3.5.3.jar(org/jooq/DSLContext.class)]]
[loading ZipFileIndexFileObject[/home/ilmoeuro/.m2/repository/org/jooq/jooq/3.5.3/jooq-3.5.3.jar(org/jooq/SQLDialect.class)]]
[loading ZipFileIndexFileObject[/home/ilmoeuro/.m2/repository/org/jooq/jooq/3.5.3/jooq-3.5.3.jar(org/jooq/impl/DSL.class)]]
[loading ZipFileIndexFileObject[/home/ilmoeuro/.m2/repository/org/testng/testng/6.1.1/testng-6.1.1.jar(org/testng/annotations/AfterMethod.class)]]
[loading ZipFileIndexFileObject[/home/ilmoeuro/.m2/repository/org/testng/testng/6.1.1/testng-6.1.1.jar(org/testng/annotations/BeforeMethod.class)]]
[loading ZipFileIndexFileObject[/home/ilmoeuro/.m2/repository/org/checkerframework/jdk8/1.9.6/jdk8-1.9.6.jar(java/lang/Object.class)]]
[loading ZipFileIndexFileObject[/home/ilmoeuro/.m2/repository/org/checkerframework/jdk8/1.9.6/jdk8-1.9.6.jar(java/lang/String.class)]]
[loading ZipFileIndexFileObject[/home/ilmoeuro/.m2/repository/org/checkerframework/jdk8/1.9.6/jdk8-1.9.6.jar(java/lang/ClassNotFoundException.class)]]
[loading ZipFileIndexFileObject[/home/ilmoeuro/.m2/repository/org/checkerframework/checker-qual/1.9.6/checker-qual-1.9.6.jar(org/checkerframework/framework/qual/SubtypeOf.class)]]
[loading ZipFileIndexFileObject[/home/ilmoeuro/.m2/repository/org/checkerframework/checker-qual/1.9.6/checker-qual-1.9.6.jar(org/checkerframework/framework/qual/ImplicitFor.class)]]
[loading ZipFileIndexFileObject[/home/ilmoeuro/.m2/repository/org/checkerframework/checker-qual/1.9.6/checker-qual-1.9.6.jar(org/checkerframework/framework/qual/DefaultFor.class)]]
[loading ZipFileIndexFileObject[/home/ilmoeuro/.m2/repository/org/checkerframework/checker-qual/1.9.6/checker-qual-1.9.6.jar(org/checkerframework/framework/qual/DefaultLocation.class)]]
[loading ZipFileIndexFileObject[/home/ilmoeuro/.m2/repository/org/checkerframework/checker-qual/1.9.6/checker-qual-1.9.6.jar(org/checkerframework/framework/qual/DefaultForUnannotatedCode.class)]]
[loading ZipFileIndexFileObject[/home/ilmoeuro/.m2/repository/org/checkerframework/jdk8/1.9.6/jdk8-1.9.6.jar(java/lang/annotation/Retention.class)]]
[loading ZipFileIndexFileObject[/usr/lib/jvm/java-8-openjdk/lib/ct.sym(META-INF/sym/rt.jar/java/lang/annotation/RetentionPolicy.class)]]
[loading ZipFileIndexFileObject[/home/ilmoeuro/.m2/repository/org/checkerframework/jdk8/1.9.6/jdk8-1.9.6.jar(java/lang/annotation/Target.class)]]
[loading ZipFileIndexFileObject[/usr/lib/jvm/java-8-openjdk/lib/ct.sym(META-INF/sym/rt.jar/java/lang/annotation/ElementType.class)]]
[loading ZipFileIndexFileObject[/home/ilmoeuro/.m2/repository/org/jooq/jooq/3.5.3/jooq-3.5.3.jar(org/jooq/Support.class)]]
[loading ZipFileIndexFileObject[/home/ilmoeuro/.m2/repository/org/checkerframework/checker-qual/1.9.6/checker-qual-1.9.6.jar(org/checkerframework/checker/nullness/qual/EnsuresNonNullIf.class)]]
[loading ZipFileIndexFileObject[/home/ilmoeuro/.m2/repository/org/checkerframework/jdk8/1.9.6/jdk8-1.9.6.jar(java/lang/annotation/Annotation.class)]]
[loading ZipFileIndexFileObject[/home/ilmoeuro/.m2/repository/org/checkerframework/checker-qual/1.9.6/checker-qual-1.9.6.jar(org/checkerframework/framework/qual/ConditionalPostconditionAnnotation.class)]]
Round 1:
	input files: {fi.ilmoeuro.membertrack.TestBase}
	annotations: [org.testng.annotations.BeforeMethod, org.testng.annotations.AfterMethod]
	last round: false
Processor lombok.launch.AnnotationProcessorHider$AnnotationProcessor matches [org.testng.annotations.BeforeMethod, org.testng.annotations.AfterMethod] and returns false.
Processor org.checkerframework.checker.nullness.NullnessChecker matches [org.testng.annotations.BeforeMethod, org.testng.annotations.AfterMethod] and returns false.
[parsing started lombok.javac.apt.EmptyLombokFileObject@69d4ac37]
[parsing completed 0ms]
[loading ZipFileIndexFileObject[/home/ilmoeuro/.m2/repository/org/checkerframework/jdk8/1.9.6/jdk8-1.9.6.jar(java/io/IOException.class)]]
[loading ZipFileIndexFileObject[/home/ilmoeuro/.m2/repository/org/checkerframework/jdk8/1.9.6/jdk8-1.9.6.jar(java/io/InputStream.class)]]
[loading ZipFileIndexFileObject[/usr/lib/jvm/java-8-openjdk/lib/ct.sym(META-INF/sym/rt.jar/java/sql/Connection.class)]]
[loading ZipFileIndexFileObject[/usr/lib/jvm/java-8-openjdk/lib/ct.sym(META-INF/sym/rt.jar/java/sql/DriverManager.class)]]
[loading ZipFileIndexFileObject[/usr/lib/jvm/java-8-openjdk/lib/ct.sym(META-INF/sym/rt.jar/java/sql/SQLException.class)]]
[loading ZipFileIndexFileObject[/home/ilmoeuro/.m2/repository/commons-io/commons-io/2.4/commons-io-2.4.jar(org/apache/commons/io/Charsets.class)]]
[loading ZipFileIndexFileObject[/home/ilmoeuro/.m2/repository/commons-io/commons-io/2.4/commons-io-2.4.jar(org/apache/commons/io/IOUtils.class)]]
[loading ZipFileIndexFileObject[/home/ilmoeuro/.m2/repository/org/checkerframework/checker-qual/1.9.6/checker-qual-1.9.6.jar(org/checkerframework/checker/nullness/qual/Nullable.class)]]
[loading ZipFileIndexFileObject[/home/ilmoeuro/.m2/repository/org/jooq/jooq/3.5.3/jooq-3.5.3.jar(org/jooq/DSLContext.class)]]
[loading ZipFileIndexFileObject[/home/ilmoeuro/.m2/repository/org/jooq/jooq/3.5.3/jooq-3.5.3.jar(org/jooq/SQLDialect.class)]]
[loading ZipFileIndexFileObject[/home/ilmoeuro/.m2/repository/org/jooq/jooq/3.5.3/jooq-3.5.3.jar(org/jooq/impl/DSL.class)]]
[loading ZipFileIndexFileObject[/home/ilmoeuro/.m2/repository/org/testng/testng/6.1.1/testng-6.1.1.jar(org/testng/annotations/AfterMethod.class)]]
[loading ZipFileIndexFileObject[/home/ilmoeuro/.m2/repository/org/testng/testng/6.1.1/testng-6.1.1.jar(org/testng/annotations/BeforeMethod.class)]]
[loading ZipFileIndexFileObject[/home/ilmoeuro/.m2/repository/org/checkerframework/jdk8/1.9.6/jdk8-1.9.6.jar(java/lang/Object.class)]]
[loading ZipFileIndexFileObject[/home/ilmoeuro/.m2/repository/org/checkerframework/jdk8/1.9.6/jdk8-1.9.6.jar(java/lang/String.class)]]
[loading ZipFileIndexFileObject[/home/ilmoeuro/.m2/repository/org/checkerframework/jdk8/1.9.6/jdk8-1.9.6.jar(java/lang/ClassNotFoundException.class)]]
[loading ZipFileIndexFileObject[/home/ilmoeuro/.m2/repository/org/checkerframework/checker-qual/1.9.6/checker-qual-1.9.6.jar(org/checkerframework/framework/qual/SubtypeOf.class)]]
[loading ZipFileIndexFileObject[/home/ilmoeuro/.m2/repository/org/checkerframework/checker-qual/1.9.6/checker-qual-1.9.6.jar(org/checkerframework/framework/qual/ImplicitFor.class)]]
[loading ZipFileIndexFileObject[/home/ilmoeuro/.m2/repository/org/checkerframework/checker-qual/1.9.6/checker-qual-1.9.6.jar(org/checkerframework/framework/qual/DefaultFor.class)]]
[loading ZipFileIndexFileObject[/home/ilmoeuro/.m2/repository/org/checkerframework/checker-qual/1.9.6/checker-qual-1.9.6.jar(org/checkerframework/framework/qual/DefaultLocation.class)]]
[loading ZipFileIndexFileObject[/home/ilmoeuro/.m2/repository/org/checkerframework/checker-qual/1.9.6/checker-qual-1.9.6.jar(org/checkerframework/framework/qual/DefaultForUnannotatedCode.class)]]
[loading ZipFileIndexFileObject[/home/ilmoeuro/.m2/repository/org/checkerframework/jdk8/1.9.6/jdk8-1.9.6.jar(java/lang/annotation/Retention.class)]]
[loading ZipFileIndexFileObject[/usr/lib/jvm/java-8-openjdk/lib/ct.sym(META-INF/sym/rt.jar/java/lang/annotation/RetentionPolicy.class)]]
[loading ZipFileIndexFileObject[/home/ilmoeuro/.m2/repository/org/checkerframework/jdk8/1.9.6/jdk8-1.9.6.jar(java/lang/annotation/Target.class)]]
[loading ZipFileIndexFileObject[/usr/lib/jvm/java-8-openjdk/lib/ct.sym(META-INF/sym/rt.jar/java/lang/annotation/ElementType.class)]]
[loading ZipFileIndexFileObject[/home/ilmoeuro/.m2/repository/org/jooq/jooq/3.5.3/jooq-3.5.3.jar(org/jooq/Support.class)]]
[loading ZipFileIndexFileObject[/home/ilmoeuro/.m2/repository/org/checkerframework/checker-qual/1.9.6/checker-qual-1.9.6.jar(org/checkerframework/checker/nullness/qual/EnsuresNonNullIf.class)]]
[loading ZipFileIndexFileObject[/home/ilmoeuro/.m2/repository/org/checkerframework/jdk8/1.9.6/jdk8-1.9.6.jar(java/lang/annotation/Annotation.class)]]
[loading ZipFileIndexFileObject[/home/ilmoeuro/.m2/repository/org/checkerframework/checker-qual/1.9.6/checker-qual-1.9.6.jar(org/checkerframework/framework/qual/ConditionalPostconditionAnnotation.class)]]
Round 2:
	input files: {}
	annotations: []
	last round: false
Processor lombok.launch.AnnotationProcessorHider$AnnotationProcessor matches [] and returns false.
Processor org.checkerframework.checker.nullness.NullnessChecker matches [] and returns false.
[loading ZipFileIndexFileObject[/home/ilmoeuro/.m2/repository/org/checkerframework/jdk8/1.9.6/jdk8-1.9.6.jar(java/io/IOException.class)]]
[loading ZipFileIndexFileObject[/home/ilmoeuro/.m2/repository/org/checkerframework/jdk8/1.9.6/jdk8-1.9.6.jar(java/io/InputStream.class)]]
[loading ZipFileIndexFileObject[/usr/lib/jvm/java-8-openjdk/lib/ct.sym(META-INF/sym/rt.jar/java/sql/Connection.class)]]
[loading ZipFileIndexFileObject[/usr/lib/jvm/java-8-openjdk/lib/ct.sym(META-INF/sym/rt.jar/java/sql/DriverManager.class)]]
[loading ZipFileIndexFileObject[/usr/lib/jvm/java-8-openjdk/lib/ct.sym(META-INF/sym/rt.jar/java/sql/SQLException.class)]]
[loading ZipFileIndexFileObject[/home/ilmoeuro/.m2/repository/commons-io/commons-io/2.4/commons-io-2.4.jar(org/apache/commons/io/Charsets.class)]]
[loading ZipFileIndexFileObject[/home/ilmoeuro/.m2/repository/commons-io/commons-io/2.4/commons-io-2.4.jar(org/apache/commons/io/IOUtils.class)]]
[loading ZipFileIndexFileObject[/home/ilmoeuro/.m2/repository/org/checkerframework/checker-qual/1.9.6/checker-qual-1.9.6.jar(org/checkerframework/checker/nullness/qual/Nullable.class)]]
[loading ZipFileIndexFileObject[/home/ilmoeuro/.m2/repository/org/jooq/jooq/3.5.3/jooq-3.5.3.jar(org/jooq/DSLContext.class)]]
[loading ZipFileIndexFileObject[/home/ilmoeuro/.m2/repository/org/jooq/jooq/3.5.3/jooq-3.5.3.jar(org/jooq/SQLDialect.class)]]
[loading ZipFileIndexFileObject[/home/ilmoeuro/.m2/repository/org/jooq/jooq/3.5.3/jooq-3.5.3.jar(org/jooq/impl/DSL.class)]]
[loading ZipFileIndexFileObject[/home/ilmoeuro/.m2/repository/org/testng/testng/6.1.1/testng-6.1.1.jar(org/testng/annotations/AfterMethod.class)]]
[loading ZipFileIndexFileObject[/home/ilmoeuro/.m2/repository/org/testng/testng/6.1.1/testng-6.1.1.jar(org/testng/annotations/BeforeMethod.class)]]
[loading ZipFileIndexFileObject[/home/ilmoeuro/.m2/repository/org/checkerframework/jdk8/1.9.6/jdk8-1.9.6.jar(java/lang/Object.class)]]
[loading ZipFileIndexFileObject[/home/ilmoeuro/.m2/repository/org/checkerframework/jdk8/1.9.6/jdk8-1.9.6.jar(java/lang/String.class)]]
[loading ZipFileIndexFileObject[/home/ilmoeuro/.m2/repository/org/checkerframework/jdk8/1.9.6/jdk8-1.9.6.jar(java/lang/ClassNotFoundException.class)]]
[loading ZipFileIndexFileObject[/home/ilmoeuro/.m2/repository/org/checkerframework/checker-qual/1.9.6/checker-qual-1.9.6.jar(org/checkerframework/framework/qual/SubtypeOf.class)]]
[loading ZipFileIndexFileObject[/home/ilmoeuro/.m2/repository/org/checkerframework/checker-qual/1.9.6/checker-qual-1.9.6.jar(org/checkerframework/framework/qual/ImplicitFor.class)]]
[loading ZipFileIndexFileObject[/home/ilmoeuro/.m2/repository/org/checkerframework/checker-qual/1.9.6/checker-qual-1.9.6.jar(org/checkerframework/framework/qual/DefaultFor.class)]]
[loading ZipFileIndexFileObject[/home/ilmoeuro/.m2/repository/org/checkerframework/checker-qual/1.9.6/checker-qual-1.9.6.jar(org/checkerframework/framework/qual/DefaultLocation.class)]]
[loading ZipFileIndexFileObject[/home/ilmoeuro/.m2/repository/org/checkerframework/checker-qual/1.9.6/checker-qual-1.9.6.jar(org/checkerframework/framework/qual/DefaultForUnannotatedCode.class)]]
[loading ZipFileIndexFileObject[/home/ilmoeuro/.m2/repository/org/checkerframework/jdk8/1.9.6/jdk8-1.9.6.jar(java/lang/annotation/Retention.class)]]
[loading ZipFileIndexFileObject[/usr/lib/jvm/java-8-openjdk/lib/ct.sym(META-INF/sym/rt.jar/java/lang/annotation/RetentionPolicy.class)]]
[loading ZipFileIndexFileObject[/home/ilmoeuro/.m2/repository/org/checkerframework/jdk8/1.9.6/jdk8-1.9.6.jar(java/lang/annotation/Target.class)]]
[loading ZipFileIndexFileObject[/usr/lib/jvm/java-8-openjdk/lib/ct.sym(META-INF/sym/rt.jar/java/lang/annotation/ElementType.class)]]
[loading ZipFileIndexFileObject[/home/ilmoeuro/.m2/repository/org/jooq/jooq/3.5.3/jooq-3.5.3.jar(org/jooq/Support.class)]]
[loading ZipFileIndexFileObject[/home/ilmoeuro/.m2/repository/org/checkerframework/checker-qual/1.9.6/checker-qual-1.9.6.jar(org/checkerframework/checker/nullness/qual/EnsuresNonNullIf.class)]]
[loading ZipFileIndexFileObject[/home/ilmoeuro/.m2/repository/org/checkerframework/jdk8/1.9.6/jdk8-1.9.6.jar(java/lang/annotation/Annotation.class)]]
[loading ZipFileIndexFileObject[/home/ilmoeuro/.m2/repository/org/checkerframework/checker-qual/1.9.6/checker-qual-1.9.6.jar(org/checkerframework/framework/qual/ConditionalPostconditionAnnotation.class)]]
Round 3:
	input files: {}
	annotations: []
	last round: true
[loading ZipFileIndexFileObject[/home/ilmoeuro/.m2/repository/org/checkerframework/jdk8/1.9.6/jdk8-1.9.6.jar(java/io/IOException.class)]]
[loading ZipFileIndexFileObject[/home/ilmoeuro/.m2/repository/org/checkerframework/jdk8/1.9.6/jdk8-1.9.6.jar(java/io/InputStream.class)]]
[loading ZipFileIndexFileObject[/usr/lib/jvm/java-8-openjdk/lib/ct.sym(META-INF/sym/rt.jar/java/sql/Connection.class)]]
[loading ZipFileIndexFileObject[/usr/lib/jvm/java-8-openjdk/lib/ct.sym(META-INF/sym/rt.jar/java/sql/DriverManager.class)]]
[loading ZipFileIndexFileObject[/usr/lib/jvm/java-8-openjdk/lib/ct.sym(META-INF/sym/rt.jar/java/sql/SQLException.class)]]
[loading ZipFileIndexFileObject[/home/ilmoeuro/.m2/repository/commons-io/commons-io/2.4/commons-io-2.4.jar(org/apache/commons/io/Charsets.class)]]
[loading ZipFileIndexFileObject[/home/ilmoeuro/.m2/repository/commons-io/commons-io/2.4/commons-io-2.4.jar(org/apache/commons/io/IOUtils.class)]]
[loading ZipFileIndexFileObject[/home/ilmoeuro/.m2/repository/org/checkerframework/checker-qual/1.9.6/checker-qual-1.9.6.jar(org/checkerframework/checker/nullness/qual/Nullable.class)]]
[loading ZipFileIndexFileObject[/home/ilmoeuro/.m2/repository/org/jooq/jooq/3.5.3/jooq-3.5.3.jar(org/jooq/DSLContext.class)]]
[loading ZipFileIndexFileObject[/home/ilmoeuro/.m2/repository/org/jooq/jooq/3.5.3/jooq-3.5.3.jar(org/jooq/SQLDialect.class)]]
[loading ZipFileIndexFileObject[/home/ilmoeuro/.m2/repository/org/jooq/jooq/3.5.3/jooq-3.5.3.jar(org/jooq/impl/DSL.class)]]
[loading ZipFileIndexFileObject[/home/ilmoeuro/.m2/repository/org/testng/testng/6.1.1/testng-6.1.1.jar(org/testng/annotations/AfterMethod.class)]]
[loading ZipFileIndexFileObject[/home/ilmoeuro/.m2/repository/org/testng/testng/6.1.1/testng-6.1.1.jar(org/testng/annotations/BeforeMethod.class)]]
[loading ZipFileIndexFileObject[/home/ilmoeuro/.m2/repository/org/checkerframework/jdk8/1.9.6/jdk8-1.9.6.jar(java/lang/Object.class)]]
[loading ZipFileIndexFileObject[/home/ilmoeuro/.m2/repository/org/checkerframework/jdk8/1.9.6/jdk8-1.9.6.jar(java/lang/String.class)]]
[loading ZipFileIndexFileObject[/home/ilmoeuro/.m2/repository/org/checkerframework/jdk8/1.9.6/jdk8-1.9.6.jar(java/lang/ClassNotFoundException.class)]]
[loading ZipFileIndexFileObject[/home/ilmoeuro/.m2/repository/org/checkerframework/checker-qual/1.9.6/checker-qual-1.9.6.jar(org/checkerframework/framework/qual/SubtypeOf.class)]]
[loading ZipFileIndexFileObject[/home/ilmoeuro/.m2/repository/org/checkerframework/checker-qual/1.9.6/checker-qual-1.9.6.jar(org/checkerframework/framework/qual/ImplicitFor.class)]]
[loading ZipFileIndexFileObject[/home/ilmoeuro/.m2/repository/org/checkerframework/checker-qual/1.9.6/checker-qual-1.9.6.jar(org/checkerframework/framework/qual/DefaultFor.class)]]
[loading ZipFileIndexFileObject[/home/ilmoeuro/.m2/repository/org/checkerframework/checker-qual/1.9.6/checker-qual-1.9.6.jar(org/checkerframework/framework/qual/DefaultLocation.class)]]
[loading ZipFileIndexFileObject[/home/ilmoeuro/.m2/repository/org/checkerframework/checker-qual/1.9.6/checker-qual-1.9.6.jar(org/checkerframework/framework/qual/DefaultForUnannotatedCode.class)]]
[loading ZipFileIndexFileObject[/home/ilmoeuro/.m2/repository/org/checkerframework/jdk8/1.9.6/jdk8-1.9.6.jar(java/lang/annotation/Retention.class)]]
[loading ZipFileIndexFileObject[/usr/lib/jvm/java-8-openjdk/lib/ct.sym(META-INF/sym/rt.jar/java/lang/annotation/RetentionPolicy.class)]]
[loading ZipFileIndexFileObject[/home/ilmoeuro/.m2/repository/org/checkerframework/jdk8/1.9.6/jdk8-1.9.6.jar(java/lang/annotation/Target.class)]]
[loading ZipFileIndexFileObject[/usr/lib/jvm/java-8-openjdk/lib/ct.sym(META-INF/sym/rt.jar/java/lang/annotation/ElementType.class)]]
[loading ZipFileIndexFileObject[/home/ilmoeuro/.m2/repository/org/jooq/jooq/3.5.3/jooq-3.5.3.jar(org/jooq/Support.class)]]
[loading ZipFileIndexFileObject[/home/ilmoeuro/.m2/repository/org/checkerframework/checker-qual/1.9.6/checker-qual-1.9.6.jar(org/checkerframework/checker/nullness/qual/EnsuresNonNullIf.class)]]
[loading ZipFileIndexFileObject[/home/ilmoeuro/.m2/repository/org/checkerframework/jdk8/1.9.6/jdk8-1.9.6.jar(java/lang/annotation/Annotation.class)]]
[loading ZipFileIndexFileObject[/home/ilmoeuro/.m2/repository/org/checkerframework/checker-qual/1.9.6/checker-qual-1.9.6.jar(org/checkerframework/framework/qual/ConditionalPostconditionAnnotation.class)]]
[checking fi.ilmoeuro.membertrack.TestBase]
[loading ZipFileIndexFileObject[/home/ilmoeuro/.m2/repository/org/checkerframework/jdk8/1.9.6/jdk8-1.9.6.jar(java/io/Serializable.class)]]
[loading ZipFileIndexFileObject[/home/ilmoeuro/.m2/repository/org/checkerframework/jdk8/1.9.6/jdk8-1.9.6.jar(java/lang/AutoCloseable.class)]]
[loading RegularFileObject[/home/ilmoeuro/Asiakirjat/Projektit/membertrack/membertrack-webapp/target/classes/fi/ilmoeuro/membertrack/ResourceRoot.class]]
[loading ZipFileIndexFileObject[/home/ilmoeuro/.m2/repository/org/checkerframework/jdk8/1.9.6/jdk8-1.9.6.jar(java/lang/Class.class)]]
[loading ZipFileIndexFileObject[/home/ilmoeuro/.m2/repository/org/checkerframework/jdk8/1.9.6/jdk8-1.9.6.jar(java/lang/reflect/GenericDeclaration.class)]]
[loading ZipFileIndexFileObject[/home/ilmoeuro/.m2/repository/org/checkerframework/jdk8/1.9.6/jdk8-1.9.6.jar(java/lang/reflect/AnnotatedElement.class)]]
[loading ZipFileIndexFileObject[/home/ilmoeuro/.m2/repository/org/checkerframework/jdk8/1.9.6/jdk8-1.9.6.jar(java/lang/reflect/Type.class)]]
[loading ZipFileIndexFileObject[/home/ilmoeuro/.m2/repository/org/checkerframework/jdk8/1.9.6/jdk8-1.9.6.jar(java/io/Closeable.class)]]
[loading ZipFileIndexFileObject[/home/ilmoeuro/.m2/repository/org/checkerframework/jdk8/1.9.6/jdk8-1.9.6.jar(java/lang/Error.class)]]
[loading ZipFileIndexFileObject[/home/ilmoeuro/.m2/repository/org/checkerframework/jdk8/1.9.6/jdk8-1.9.6.jar(java/lang/InterruptedException.class)]]
[loading ZipFileIndexFileObject[/home/ilmoeuro/.m2/repository/org/checkerframework/jdk8/1.9.6/jdk8-1.9.6.jar(java/lang/Exception.class)]]
[loading ZipFileIndexFileObject[/home/ilmoeuro/.m2/repository/org/checkerframework/jdk8/1.9.6/jdk8-1.9.6.jar(java/lang/Throwable.class)]]
[loading ZipFileIndexFileObject[/home/ilmoeuro/.m2/repository/org/checkerframework/jdk8/1.9.6/jdk8-1.9.6.jar(java/lang/RuntimeException.class)]]
[loading ZipFileIndexFileObject[/home/ilmoeuro/.m2/repository/org/checkerframework/jdk8/1.9.6/jdk8-1.9.6.jar(java/lang/Byte.class)]]
[loading ZipFileIndexFileObject[/home/ilmoeuro/.m2/repository/org/checkerframework/jdk8/1.9.6/jdk8-1.9.6.jar(java/lang/Character.class)]]
[loading ZipFileIndexFileObject[/home/ilmoeuro/.m2/repository/org/checkerframework/jdk8/1.9.6/jdk8-1.9.6.jar(java/lang/Short.class)]]
[loading ZipFileIndexFileObject[/home/ilmoeuro/.m2/repository/org/checkerframework/jdk8/1.9.6/jdk8-1.9.6.jar(java/lang/Long.class)]]
[loading ZipFileIndexFileObject[/home/ilmoeuro/.m2/repository/org/checkerframework/jdk8/1.9.6/jdk8-1.9.6.jar(java/lang/Float.class)]]
[loading ZipFileIndexFileObject[/home/ilmoeuro/.m2/repository/org/checkerframework/jdk8/1.9.6/jdk8-1.9.6.jar(java/lang/Integer.class)]]
[loading ZipFileIndexFileObject[/home/ilmoeuro/.m2/repository/org/checkerframework/jdk8/1.9.6/jdk8-1.9.6.jar(java/lang/Double.class)]]
[loading ZipFileIndexFileObject[/home/ilmoeuro/.m2/repository/org/checkerframework/jdk8/1.9.6/jdk8-1.9.6.jar(java/lang/Boolean.class)]]
[loading ZipFileIndexFileObject[/home/ilmoeuro/.m2/repository/org/checkerframework/jdk8/1.9.6/jdk8-1.9.6.jar(java/lang/Void.class)]]
[loading ZipFileIndexFileObject[/usr/lib/jvm/java-8-openjdk/lib/ct.sym(META-INF/sym/rt.jar/java/nio/charset/Charset.class)]]
[loading ZipFileIndexFileObject[/home/ilmoeuro/.m2/repository/org/checkerframework/jdk8/1.9.6/jdk8-1.9.6.jar(java/util/List.class)]]
[loading ZipFileIndexFileObject[/home/ilmoeuro/.m2/repository/org/checkerframework/jdk8/1.9.6/jdk8-1.9.6.jar(java/lang/Iterable.class)]]
[loading ZipFileIndexFileObject[/home/ilmoeuro/.m2/repository/org/checkerframework/jdk8/1.9.6/jdk8-1.9.6.jar(java/util/Collection.class)]]
[loading ZipFileIndexFileObject[/home/ilmoeuro/.m2/repository/org/checkerframework/jdk8/1.9.6/jdk8-1.9.6.jar(java/lang/Comparable.class)]]
[loading ZipFileIndexFileObject[/home/ilmoeuro/.m2/repository/org/checkerframework/jdk8/1.9.6/jdk8-1.9.6.jar(java/lang/CharSequence.class)]]
[loading ZipFileIndexFileObject[/home/ilmoeuro/.m2/repository/org/checkerframework/jdk8/1.9.6/jdk8-1.9.6.jar(java/util/Locale.class)]]
[loading ZipFileIndexFileObject[/home/ilmoeuro/.m2/repository/org/checkerframework/jdk8/1.9.6/jdk8-1.9.6.jar(java/net/URL.class)]]
[loading ZipFileIndexFileObject[/usr/lib/jvm/java-8-openjdk/lib/ct.sym(META-INF/sym/rt.jar/java/net/URI.class)]]
[loading ZipFileIndexFileObject[/home/ilmoeuro/.m2/repository/org/checkerframework/jdk8/1.9.6/jdk8-1.9.6.jar(java/lang/IllegalStateException.class)]]
[loading ZipFileIndexFileObject[/home/ilmoeuro/.m2/repository/org/jooq/jooq/3.5.3/jooq-3.5.3.jar(org/jooq/Query.class)]]
[loading ZipFileIndexFileObject[/home/ilmoeuro/.m2/repository/org/jooq/jooq/3.5.3/jooq-3.5.3.jar(org/jooq/Scope.class)]]
[loading ZipFileIndexFileObject[/home/ilmoeuro/.m2/repository/org/checkerframework/jdk8/1.9.6/jdk8-1.9.6.jar(java/lang/ReflectiveOperationException.class)]]
[loading ZipFileIndexFileObject[/home/ilmoeuro/.m2/repository/org/jooq/jooq/3.5.3/jooq-3.5.3.jar(org/jooq/ConnectionProvider.class)]]
[loading ZipFileIndexFileObject[/usr/lib/jvm/java-8-openjdk/lib/ct.sym(META-INF/sym/rt.jar/java/sql/Wrapper.class)]]
[loading ZipFileIndexFileObject[/usr/lib/jvm/java-8-openjdk/lib/ct.sym(META-INF/sym/rt.jar/javax/sql/DataSource.class)]]
[loading ZipFileIndexFileObject[/home/ilmoeuro/.m2/repository/org/checkerframework/jdk8/1.9.6/jdk8-1.9.6.jar(java/lang/Enum.class)]]
[loading ZipFileIndexFileObject[/home/ilmoeuro/.m2/repository/org/checkerframework/jdk8/1.9.6/jdk8-1.9.6.jar(java/lang/SuppressWarnings.class)]]
[loading ZipFileIndexFileObject[/home/ilmoeuro/.m2/repository/org/jooq/jooq/3.5.3/jooq-3.5.3.jar(org/jooq/conf/Settings.class)]]
[loading ZipFileIndexFileObject[/usr/lib/jvm/java-8-openjdk/lib/ct.sym(META-INF/sym/rt.jar/javax/xml/bind/annotation/XmlAccessorType.class)]]
[loading ZipFileIndexFileObject[/usr/lib/jvm/java-8-openjdk/lib/ct.sym(META-INF/sym/rt.jar/javax/xml/bind/annotation/XmlAccessType.class)]]
[loading ZipFileIndexFileObject[/usr/lib/jvm/java-8-openjdk/lib/ct.sym(META-INF/sym/rt.jar/javax/xml/bind/annotation/XmlType.class)]]
[loading ZipFileIndexFileObject[/usr/lib/jvm/java-8-openjdk/lib/ct.sym(META-INF/sym/rt.jar/javax/xml/bind/annotation/XmlElement.class)]]
[loading ZipFileIndexFileObject[/home/ilmoeuro/.m2/repository/org/jooq/jooq/3.5.3/jooq-3.5.3.jar(org/jooq/exception/DataAccessException.class)]]
[loading ZipFileIndexFileObject[/home/ilmoeuro/.m2/repository/org/checkerframework/checker-qual/1.9.6/checker-qual-1.9.6.jar(org/checkerframework/framework/qual/FromByteCode.class)]]
[loading ZipFileIndexFileObject[/home/ilmoeuro/.m2/repository/org/checkerframework/checker-qual/1.9.6/checker-qual-1.9.6.jar(org/checkerframework/framework/qual/FromStubFile.class)]]
[loading ZipFileIndexFileObject[/home/ilmoeuro/.m2/repository/org/checkerframework/checker-qual/1.9.6/checker-qual-1.9.6.jar(org/checkerframework/checker/nullness/qual/KeyFor.class)]]
[loading ZipFileIndexFileObject[/home/ilmoeuro/.m2/repository/org/checkerframework/checker-qual/1.9.6/checker-qual-1.9.6.jar(org/checkerframework/checker/nullness/qual/UnknownKeyFor.class)]]
[loading ZipFileIndexFileObject[/home/ilmoeuro/.m2/repository/org/checkerframework/checker-qual/1.9.6/checker-qual-1.9.6.jar(org/checkerframework/checker/nullness/qual/KeyForBottom.class)]]
[loading ZipFileIndexFileObject[/home/ilmoeuro/.m2/repository/org/checkerframework/checker-qual/1.9.6/checker-qual-1.9.6.jar(org/checkerframework/framework/qual/PolyAll.class)]]
[loading ZipFileIndexFileObject[/home/ilmoeuro/.m2/repository/org/checkerframework/checker-qual/1.9.6/checker-qual-1.9.6.jar(org/checkerframework/framework/qual/PolymorphicQualifier.class)]]
[loading ZipFileIndexFileObject[/home/ilmoeuro/.m2/repository/org/checkerframework/checker-qual/1.9.6/checker-qual-1.9.6.jar(org/checkerframework/checker/nullness/qual/PolyKeyFor.class)]]
[loading ZipFileIndexFileObject[/home/ilmoeuro/.m2/repository/org/checkerframework/checker-qual/1.9.6/checker-qual-1.9.6.jar(org/checkerframework/dataflow/qual/Pure.class)]]
[loading ZipFileIndexFileObject[/home/ilmoeuro/.m2/repository/org/checkerframework/checker-qual/1.9.6/checker-qual-1.9.6.jar(org/checkerframework/dataflow/qual/SideEffectFree.class)]]
[loading ZipFileIndexFileObject[/home/ilmoeuro/.m2/repository/org/checkerframework/checker-qual/1.9.6/checker-qual-1.9.6.jar(org/checkerframework/dataflow/qual/Deterministic.class)]]
[loading ZipFileIndexFileObject[/home/ilmoeuro/.m2/repository/org/checkerframework/checker-qual/1.9.6/checker-qual-1.9.6.jar(org/checkerframework/dataflow/qual/TerminatesExecution.class)]]
[loading ZipFileIndexFileObject[/home/ilmoeuro/.m2/repository/org/checkerframework/checker-qual/1.9.6/checker-qual-1.9.6.jar(org/checkerframework/framework/qual/Unqualified.class)]]
[loading ZipFileIndexFileObject[/home/ilmoeuro/.m2/repository/org/checkerframework/jdk8/1.9.6/jdk8-1.9.6.jar(java/util/Map.class)]]
[loading ZipFileIndexFileObject[/home/ilmoeuro/.m2/repository/org/checkerframework/jdk8/1.9.6/jdk8-1.9.6.jar(java/util/Map$Entry.class)]]
[loading ZipFileIndexFileObject[/home/ilmoeuro/.m2/repository/org/checkerframework/checker-qual/1.9.6/checker-qual-1.9.6.jar(org/checkerframework/checker/nullness/qual/Covariant.class)]]
[loading ZipFileIndexFileObject[/home/ilmoeuro/.m2/repository/org/checkerframework/checker-qual/1.9.6/checker-qual-1.9.6.jar(org/checkerframework/dataflow/qual/LockingFree.class)]]
[loading ZipFileIndexFileObject[/usr/lib/jvm/java-8-openjdk/lib/ct.sym(META-INF/sym/rt.jar/java/lang/Class$AnnotationData.class)]]
[loading ZipFileIndexFileObject[/usr/lib/jvm/java-8-openjdk/lib/ct.sym(META-INF/sym/rt.jar/java/lang/Class$MethodArray.class)]]
[loading ZipFileIndexFileObject[/usr/lib/jvm/java-8-openjdk/lib/ct.sym(META-INF/sym/rt.jar/java/lang/Class$ReflectionData.class)]]
[loading ZipFileIndexFileObject[/usr/lib/jvm/java-8-openjdk/lib/ct.sym(META-INF/sym/rt.jar/java/lang/Class$Atomic.class)]]
[loading ZipFileIndexFileObject[/usr/lib/jvm/java-8-openjdk/lib/ct.sym(META-INF/sym/rt.jar/java/lang/Class$EnclosingMethodInfo.class)]]
[loading ZipFileIndexFileObject[/usr/lib/jvm/java-8-openjdk/lib/ct.sym(META-INF/sym/rt.jar/java/lang/Character$CharacterCache.class)]]
[loading ZipFileIndexFileObject[/usr/lib/jvm/java-8-openjdk/lib/ct.sym(META-INF/sym/rt.jar/java/lang/Character$UnicodeScript.class)]]
[loading ZipFileIndexFileObject[/home/ilmoeuro/.m2/repository/org/checkerframework/jdk8/1.9.6/jdk8-1.9.6.jar(java/lang/Character$UnicodeBlock.class)]]
[loading ZipFileIndexFileObject[/home/ilmoeuro/.m2/repository/org/checkerframework/jdk8/1.9.6/jdk8-1.9.6.jar(java/lang/Character$Subset.class)]]
[loading ZipFileIndexFileObject[/home/ilmoeuro/.m2/repository/org/checkerframework/jdk8/1.9.6/jdk8-1.9.6.jar(java/lang/String$CaseInsensitiveComparator.class)]]
[loading ZipFileIndexFileObject[/home/ilmoeuro/.m2/repository/org/checkerframework/jdk8/1.9.6/jdk8-1.9.6.jar(java/lang/System.class)]]
[loading ZipFileIndexFileObject[/home/ilmoeuro/.m2/repository/org/checkerframework/jdk8/1.9.6/jdk8-1.9.6.jar(java/lang/UnsupportedOperationException.class)]]
[loading ZipFileIndexFileObject[/home/ilmoeuro/.m2/repository/org/checkerframework/jdk8/1.9.6/jdk8-1.9.6.jar(java/util/TimeZone.class)]]
[loading ZipFileIndexFileObject[/home/ilmoeuro/.m2/repository/org/checkerframework/checker-qual/1.9.6/checker-qual-1.9.6.jar(org/checkerframework/checker/igj/qual/I.class)]]
[loading ZipFileIndexFileObject[/home/ilmoeuro/.m2/repository/org/checkerframework/jdk8/1.9.6/jdk8-1.9.6.jar(java/lang/Cloneable.class)]]
[loading ZipFileIndexFileObject[/home/ilmoeuro/.m2/repository/org/checkerframework/jdk8/1.9.6/jdk8-1.9.6.jar(java/util/logging/Logger.class)]]
[loading ZipFileIndexFileObject[/home/ilmoeuro/.m2/repository/org/checkerframework/jdk8/1.9.6/jdk8-1.9.6.jar(java/util/logging/Logger$SystemLoggerHelper.class)]]
[loading ZipFileIndexFileObject[/usr/lib/jvm/java-8-openjdk/lib/ct.sym(META-INF/sym/rt.jar/java/util/logging/Logger$LoggerBundle.class)]]
[loading ZipFileIndexFileObject[/usr/lib/jvm/java-8-openjdk/lib/ct.sym(META-INF/sym/rt.jar/java/util/logging/Level.class)]]
[loading ZipFileIndexFileObject[/usr/lib/jvm/java-8-openjdk/lib/ct.sym(META-INF/sym/rt.jar/java/util/logging/Filter.class)]]
[loading ZipFileIndexFileObject[/home/ilmoeuro/.m2/repository/org/checkerframework/jdk8/1.9.6/jdk8-1.9.6.jar(java/lang/SecurityException.class)]]
[loading ZipFileIndexFileObject[/usr/lib/jvm/java-8-openjdk/lib/ct.sym(META-INF/sym/rt.jar/java/util/logging/Handler.class)]]
[loading ZipFileIndexFileObject[/home/ilmoeuro/.m2/repository/org/checkerframework/jdk8/1.9.6/jdk8-1.9.6.jar(java/util/ResourceBundle.class)]]
[loading ZipFileIndexFileObject[/usr/lib/jvm/java-8-openjdk/lib/ct.sym(META-INF/sym/rt.jar/java/util/logging/LogRecord.class)]]
[loading ZipFileIndexFileObject[/home/ilmoeuro/.m2/repository/org/checkerframework/jdk8/1.9.6/jdk8-1.9.6.jar(java/util/regex/Pattern.class)]]
[loading ZipFileIndexFileObject[/usr/lib/jvm/java-8-openjdk/lib/ct.sym(META-INF/sym/rt.jar/java/util/regex/Pattern$CharPropertyNames.class)]]
[loading ZipFileIndexFileObject[/usr/lib/jvm/java-8-openjdk/lib/ct.sym(META-INF/sym/rt.jar/java/util/regex/Pattern$BnMS.class)]]
[loading ZipFileIndexFileObject[/usr/lib/jvm/java-8-openjdk/lib/ct.sym(META-INF/sym/rt.jar/java/util/regex/Pattern$BnM.class)]]
[loading ZipFileIndexFileObject[/usr/lib/jvm/java-8-openjdk/lib/ct.sym(META-INF/sym/rt.jar/java/util/regex/Pattern$Bound.class)]]
[loading ZipFileIndexFileObject[/usr/lib/jvm/java-8-openjdk/lib/ct.sym(META-INF/sym/rt.jar/java/util/regex/Pattern$NotBehindS.class)]]
[loading ZipFileIndexFileObject[/usr/lib/jvm/java-8-openjdk/lib/ct.sym(META-INF/sym/rt.jar/java/util/regex/Pattern$NotBehind.class)]]
[loading ZipFileIndexFileObject[/usr/lib/jvm/java-8-openjdk/lib/ct.sym(META-INF/sym/rt.jar/java/util/regex/Pattern$BehindS.class)]]
[loading ZipFileIndexFileObject[/usr/lib/jvm/java-8-openjdk/lib/ct.sym(META-INF/sym/rt.jar/java/util/regex/Pattern$Behind.class)]]
[loading ZipFileIndexFileObject[/usr/lib/jvm/java-8-openjdk/lib/ct.sym(META-INF/sym/rt.jar/java/util/regex/Pattern$Neg.class)]]
[loading ZipFileIndexFileObject[/usr/lib/jvm/java-8-openjdk/lib/ct.sym(META-INF/sym/rt.jar/java/util/regex/Pattern$Pos.class)]]
[loading ZipFileIndexFileObject[/usr/lib/jvm/java-8-openjdk/lib/ct.sym(META-INF/sym/rt.jar/java/util/regex/Pattern$Conditional.class)]]
[loading ZipFileIndexFileObject[/usr/lib/jvm/java-8-openjdk/lib/ct.sym(META-INF/sym/rt.jar/java/util/regex/Pattern$First.class)]]
[loading ZipFileIndexFileObject[/usr/lib/jvm/java-8-openjdk/lib/ct.sym(META-INF/sym/rt.jar/java/util/regex/Pattern$CIBackRef.class)]]
[loading ZipFileIndexFileObject[/usr/lib/jvm/java-8-openjdk/lib/ct.sym(META-INF/sym/rt.jar/java/util/regex/Pattern$BackRef.class)]]
[loading ZipFileIndexFileObject[/usr/lib/jvm/java-8-openjdk/lib/ct.sym(META-INF/sym/rt.jar/java/util/regex/Pattern$LazyLoop.class)]]
[loading ZipFileIndexFileObject[/usr/lib/jvm/java-8-openjdk/lib/ct.sym(META-INF/sym/rt.jar/java/util/regex/Pattern$Loop.class)]]
[loading ZipFileIndexFileObject[/usr/lib/jvm/java-8-openjdk/lib/ct.sym(META-INF/sym/rt.jar/java/util/regex/Pattern$Prolog.class)]]
[loading ZipFileIndexFileObject[/usr/lib/jvm/java-8-openjdk/lib/ct.sym(META-INF/sym/rt.jar/java/util/regex/Pattern$GroupTail.class)]]
[loading ZipFileIndexFileObject[/usr/lib/jvm/java-8-openjdk/lib/ct.sym(META-INF/sym/rt.jar/java/util/regex/Pattern$GroupRef.class)]]
[loading ZipFileIndexFileObject[/usr/lib/jvm/java-8-openjdk/lib/ct.sym(META-INF/sym/rt.jar/java/util/regex/Pattern$GroupHead.class)]]
[loading ZipFileIndexFileObject[/usr/lib/jvm/java-8-openjdk/lib/ct.sym(META-INF/sym/rt.jar/java/util/regex/Pattern$Branch.class)]]
[loading ZipFileIndexFileObject[/usr/lib/jvm/java-8-openjdk/lib/ct.sym(META-INF/sym/rt.jar/java/util/regex/Pattern$BranchConn.class)]]
[loading ZipFileIndexFileObject[/usr/lib/jvm/java-8-openjdk/lib/ct.sym(META-INF/sym/rt.jar/java/util/regex/Pattern$GroupCurly.class)]]
[loading ZipFileIndexFileObject[/usr/lib/jvm/java-8-openjdk/lib/ct.sym(META-INF/sym/rt.jar/java/util/regex/Pattern$Curly.class)]]
[loading ZipFileIndexFileObject[/usr/lib/jvm/java-8-openjdk/lib/ct.sym(META-INF/sym/rt.jar/java/util/regex/Pattern$Ques.class)]]
[loading ZipFileIndexFileObject[/usr/lib/jvm/java-8-openjdk/lib/ct.sym(META-INF/sym/rt.jar/java/util/regex/Pattern$UnixDot.class)]]
[loading ZipFileIndexFileObject[/usr/lib/jvm/java-8-openjdk/lib/ct.sym(META-INF/sym/rt.jar/java/util/regex/Pattern$Dot.class)]]
[loading ZipFileIndexFileObject[/usr/lib/jvm/java-8-openjdk/lib/ct.sym(META-INF/sym/rt.jar/java/util/regex/Pattern$All.class)]]
[loading ZipFileIndexFileObject[/usr/lib/jvm/java-8-openjdk/lib/ct.sym(META-INF/sym/rt.jar/java/util/regex/Pattern$SliceUS.class)]]
[loading ZipFileIndexFileObject[/usr/lib/jvm/java-8-openjdk/lib/ct.sym(META-INF/sym/rt.jar/java/util/regex/Pattern$SliceIS.class)]]
[loading ZipFileIndexFileObject[/usr/lib/jvm/java-8-openjdk/lib/ct.sym(META-INF/sym/rt.jar/java/util/regex/Pattern$SliceS.class)]]
[loading ZipFileIndexFileObject[/usr/lib/jvm/java-8-openjdk/lib/ct.sym(META-INF/sym/rt.jar/java/util/regex/Pattern$SliceU.class)]]
[loading ZipFileIndexFileObject[/usr/lib/jvm/java-8-openjdk/lib/ct.sym(META-INF/sym/rt.jar/java/util/regex/Pattern$SliceI.class)]]
[loading ZipFileIndexFileObject[/usr/lib/jvm/java-8-openjdk/lib/ct.sym(META-INF/sym/rt.jar/java/util/regex/Pattern$Slice.class)]]
[loading ZipFileIndexFileObject[/usr/lib/jvm/java-8-openjdk/lib/ct.sym(META-INF/sym/rt.jar/java/util/regex/Pattern$SliceNode.class)]]
[loading ZipFileIndexFileObject[/usr/lib/jvm/java-8-openjdk/lib/ct.sym(META-INF/sym/rt.jar/java/util/regex/Pattern$HorizWS.class)]]
[loading ZipFileIndexFileObject[/usr/lib/jvm/java-8-openjdk/lib/ct.sym(META-INF/sym/rt.jar/java/util/regex/Pattern$VertWS.class)]]
[loading ZipFileIndexFileObject[/usr/lib/jvm/java-8-openjdk/lib/ct.sym(META-INF/sym/rt.jar/java/util/regex/Pattern$Ctype.class)]]
[loading ZipFileIndexFileObject[/usr/lib/jvm/java-8-openjdk/lib/ct.sym(META-INF/sym/rt.jar/java/util/regex/Pattern$Utype.class)]]
[loading ZipFileIndexFileObject[/usr/lib/jvm/java-8-openjdk/lib/ct.sym(META-INF/sym/rt.jar/java/util/regex/Pattern$Category.class)]]
[loading ZipFileIndexFileObject[/usr/lib/jvm/java-8-openjdk/lib/ct.sym(META-INF/sym/rt.jar/java/util/regex/Pattern$Script.class)]]
[loading ZipFileIndexFileObject[/usr/lib/jvm/java-8-openjdk/lib/ct.sym(META-INF/sym/rt.jar/java/util/regex/Pattern$Block.class)]]
[loading ZipFileIndexFileObject[/usr/lib/jvm/java-8-openjdk/lib/ct.sym(META-INF/sym/rt.jar/java/util/regex/Pattern$SingleU.class)]]
[loading ZipFileIndexFileObject[/usr/lib/jvm/java-8-openjdk/lib/ct.sym(META-INF/sym/rt.jar/java/util/regex/Pattern$SingleI.class)]]
[loading ZipFileIndexFileObject[/usr/lib/jvm/java-8-openjdk/lib/ct.sym(META-INF/sym/rt.jar/java/util/regex/Pattern$Single.class)]]
[loading ZipFileIndexFileObject[/usr/lib/jvm/java-8-openjdk/lib/ct.sym(META-INF/sym/rt.jar/java/util/regex/Pattern$SingleS.class)]]
[loading ZipFileIndexFileObject[/usr/lib/jvm/java-8-openjdk/lib/ct.sym(META-INF/sym/rt.jar/java/util/regex/Pattern$BmpCharProperty.class)]]
[loading ZipFileIndexFileObject[/usr/lib/jvm/java-8-openjdk/lib/ct.sym(META-INF/sym/rt.jar/java/util/regex/Pattern$CharProperty.class)]]
[loading ZipFileIndexFileObject[/usr/lib/jvm/java-8-openjdk/lib/ct.sym(META-INF/sym/rt.jar/java/util/regex/Pattern$LineEnding.class)]]
[loading ZipFileIndexFileObject[/usr/lib/jvm/java-8-openjdk/lib/ct.sym(META-INF/sym/rt.jar/java/util/regex/Pattern$UnixDollar.class)]]
[loading ZipFileIndexFileObject[/usr/lib/jvm/java-8-openjdk/lib/ct.sym(META-INF/sym/rt.jar/java/util/regex/Pattern$Dollar.class)]]
[loading ZipFileIndexFileObject[/usr/lib/jvm/java-8-openjdk/lib/ct.sym(META-INF/sym/rt.jar/java/util/regex/Pattern$LastMatch.class)]]
[loading ZipFileIndexFileObject[/usr/lib/jvm/java-8-openjdk/lib/ct.sym(META-INF/sym/rt.jar/java/util/regex/Pattern$UnixCaret.class)]]
[loading ZipFileIndexFileObject[/usr/lib/jvm/java-8-openjdk/lib/ct.sym(META-INF/sym/rt.jar/java/util/regex/Pattern$Caret.class)]]
[loading ZipFileIndexFileObject[/usr/lib/jvm/java-8-openjdk/lib/ct.sym(META-INF/sym/rt.jar/java/util/regex/Pattern$End.class)]]
[loading ZipFileIndexFileObject[/usr/lib/jvm/java-8-openjdk/lib/ct.sym(META-INF/sym/rt.jar/java/util/regex/Pattern$Begin.class)]]
[loading ZipFileIndexFileObject[/usr/lib/jvm/java-8-openjdk/lib/ct.sym(META-INF/sym/rt.jar/java/util/regex/Pattern$StartS.class)]]
[loading ZipFileIndexFileObject[/usr/lib/jvm/java-8-openjdk/lib/ct.sym(META-INF/sym/rt.jar/java/util/regex/Pattern$Start.class)]]
[loading ZipFileIndexFileObject[/usr/lib/jvm/java-8-openjdk/lib/ct.sym(META-INF/sym/rt.jar/java/util/regex/Pattern$LastNode.class)]]
[loading ZipFileIndexFileObject[/usr/lib/jvm/java-8-openjdk/lib/ct.sym(META-INF/sym/rt.jar/java/util/regex/Pattern$Node.class)]]
[loading ZipFileIndexFileObject[/usr/lib/jvm/java-8-openjdk/lib/ct.sym(META-INF/sym/rt.jar/java/util/regex/Pattern$BitClass.class)]]
[loading ZipFileIndexFileObject[/usr/lib/jvm/java-8-openjdk/lib/ct.sym(META-INF/sym/rt.jar/java/util/regex/Pattern$TreeInfo.class)]]
[loading ZipFileIndexFileObject[/home/ilmoeuro/.m2/repository/org/checkerframework/jdk8/1.9.6/jdk8-1.9.6.jar(java/util/Collections.class)]]
[loading ZipFileIndexFileObject[/usr/lib/jvm/java-8-openjdk/lib/ct.sym(META-INF/sym/rt.jar/java/util/Collections$AsLIFOQueue.class)]]
[loading ZipFileIndexFileObject[/usr/lib/jvm/java-8-openjdk/lib/ct.sym(META-INF/sym/rt.jar/java/util/Collections$SetFromMap.class)]]
[loading ZipFileIndexFileObject[/usr/lib/jvm/java-8-openjdk/lib/ct.sym(META-INF/sym/rt.jar/java/util/Collections$ReverseComparator2.class)]]
[loading ZipFileIndexFileObject[/usr/lib/jvm/java-8-openjdk/lib/ct.sym(META-INF/sym/rt.jar/java/util/Collections$ReverseComparator.class)]]
[loading ZipFileIndexFileObject[/usr/lib/jvm/java-8-openjdk/lib/ct.sym(META-INF/sym/rt.jar/java/util/Collections$CopiesList.class)]]
[loading ZipFileIndexFileObject[/usr/lib/jvm/java-8-openjdk/lib/ct.sym(META-INF/sym/rt.jar/java/util/Collections$SingletonMap.class)]]
[loading ZipFileIndexFileObject[/usr/lib/jvm/java-8-openjdk/lib/ct.sym(META-INF/sym/rt.jar/java/util/Collections$SingletonList.class)]]
[loading ZipFileIndexFileObject[/usr/lib/jvm/java-8-openjdk/lib/ct.sym(META-INF/sym/rt.jar/java/util/Collections$SingletonSet.class)]]
[loading ZipFileIndexFileObject[/usr/lib/jvm/java-8-openjdk/lib/ct.sym(META-INF/sym/rt.jar/java/util/Collections$EmptyMap.class)]]
[loading ZipFileIndexFileObject[/usr/lib/jvm/java-8-openjdk/lib/ct.sym(META-INF/sym/rt.jar/java/util/Collections$EmptyList.class)]]
[loading ZipFileIndexFileObject[/usr/lib/jvm/java-8-openjdk/lib/ct.sym(META-INF/sym/rt.jar/java/util/Collections$EmptySet.class)]]
[loading ZipFileIndexFileObject[/usr/lib/jvm/java-8-openjdk/lib/ct.sym(META-INF/sym/rt.jar/java/util/Collections$EmptyEnumeration.class)]]
[loading ZipFileIndexFileObject[/usr/lib/jvm/java-8-openjdk/lib/ct.sym(META-INF/sym/rt.jar/java/util/Collections$EmptyListIterator.class)]]
[loading ZipFileIndexFileObject[/usr/lib/jvm/java-8-openjdk/lib/ct.sym(META-INF/sym/rt.jar/java/util/Collections$EmptyIterator.class)]]
[loading ZipFileIndexFileObject[/usr/lib/jvm/java-8-openjdk/lib/ct.sym(META-INF/sym/rt.jar/java/util/Collections$CheckedNavigableMap.class)]]
[loading ZipFileIndexFileObject[/usr/lib/jvm/java-8-openjdk/lib/ct.sym(META-INF/sym/rt.jar/java/util/Collections$CheckedSortedMap.class)]]
[loading ZipFileIndexFileObject[/usr/lib/jvm/java-8-openjdk/lib/ct.sym(META-INF/sym/rt.jar/java/util/Collections$CheckedMap.class)]]
[loading ZipFileIndexFileObject[/usr/lib/jvm/java-8-openjdk/lib/ct.sym(META-INF/sym/rt.jar/java/util/Collections$CheckedRandomAccessList.class)]]
[loading ZipFileIndexFileObject[/usr/lib/jvm/java-8-openjdk/lib/ct.sym(META-INF/sym/rt.jar/java/util/Collections$CheckedList.class)]]
[loading ZipFileIndexFileObject[/usr/lib/jvm/java-8-openjdk/lib/ct.sym(META-INF/sym/rt.jar/java/util/Collections$CheckedNavigableSet.class)]]
[loading ZipFileIndexFileObject[/usr/lib/jvm/java-8-openjdk/lib/ct.sym(META-INF/sym/rt.jar/java/util/Collections$CheckedSortedSet.class)]]
[loading ZipFileIndexFileObject[/usr/lib/jvm/java-8-openjdk/lib/ct.sym(META-INF/sym/rt.jar/java/util/Collections$CheckedSet.class)]]
[loading ZipFileIndexFileObject[/usr/lib/jvm/java-8-openjdk/lib/ct.sym(META-INF/sym/rt.jar/java/util/Collections$CheckedQueue.class)]]
[loading ZipFileIndexFileObject[/usr/lib/jvm/java-8-openjdk/lib/ct.sym(META-INF/sym/rt.jar/java/util/Collections$CheckedCollection.class)]]
[loading ZipFileIndexFileObject[/usr/lib/jvm/java-8-openjdk/lib/ct.sym(META-INF/sym/rt.jar/java/util/Collections$SynchronizedNavigableMap.class)]]
[loading ZipFileIndexFileObject[/usr/lib/jvm/java-8-openjdk/lib/ct.sym(META-INF/sym/rt.jar/java/util/Collections$SynchronizedSortedMap.class)]]
[loading ZipFileIndexFileObject[/usr/lib/jvm/java-8-openjdk/lib/ct.sym(META-INF/sym/rt.jar/java/util/Collections$SynchronizedMap.class)]]
[loading ZipFileIndexFileObject[/usr/lib/jvm/java-8-openjdk/lib/ct.sym(META-INF/sym/rt.jar/java/util/Collections$SynchronizedRandomAccessList.class)]]
[loading ZipFileIndexFileObject[/usr/lib/jvm/java-8-openjdk/lib/ct.sym(META-INF/sym/rt.jar/java/util/Collections$SynchronizedList.class)]]
[loading ZipFileIndexFileObject[/usr/lib/jvm/java-8-openjdk/lib/ct.sym(META-INF/sym/rt.jar/java/util/Collections$SynchronizedNavigableSet.class)]]
[loading ZipFileIndexFileObject[/usr/lib/jvm/java-8-openjdk/lib/ct.sym(META-INF/sym/rt.jar/java/util/Collections$SynchronizedSortedSet.class)]]
[loading ZipFileIndexFileObject[/usr/lib/jvm/java-8-openjdk/lib/ct.sym(META-INF/sym/rt.jar/java/util/Collections$SynchronizedSet.class)]]
[loading ZipFileIndexFileObject[/usr/lib/jvm/java-8-openjdk/lib/ct.sym(META-INF/sym/rt.jar/java/util/Collections$SynchronizedCollection.class)]]
[loading ZipFileIndexFileObject[/usr/lib/jvm/java-8-openjdk/lib/ct.sym(META-INF/sym/rt.jar/java/util/Collections$UnmodifiableNavigableMap.class)]]
[loading ZipFileIndexFileObject[/usr/lib/jvm/java-8-openjdk/lib/ct.sym(META-INF/sym/rt.jar/java/util/Collections$UnmodifiableSortedMap.class)]]
[loading ZipFileIndexFileObject[/usr/lib/jvm/java-8-openjdk/lib/ct.sym(META-INF/sym/rt.jar/java/util/Collections$UnmodifiableMap.class)]]
[loading ZipFileIndexFileObject[/usr/lib/jvm/java-8-openjdk/lib/ct.sym(META-INF/sym/rt.jar/java/util/Collections$UnmodifiableRandomAccessList.class)]]
[loading ZipFileIndexFileObject[/usr/lib/jvm/java-8-openjdk/lib/ct.sym(META-INF/sym/rt.jar/java/util/Collections$UnmodifiableList.class)]]
[loading ZipFileIndexFileObject[/usr/lib/jvm/java-8-openjdk/lib/ct.sym(META-INF/sym/rt.jar/java/util/Collections$UnmodifiableNavigableSet.class)]]
[loading ZipFileIndexFileObject[/usr/lib/jvm/java-8-openjdk/lib/ct.sym(META-INF/sym/rt.jar/java/util/Collections$UnmodifiableSortedSet.class)]]
[loading ZipFileIndexFileObject[/usr/lib/jvm/java-8-openjdk/lib/ct.sym(META-INF/sym/rt.jar/java/util/Collections$UnmodifiableSet.class)]]
[loading ZipFileIndexFileObject[/usr/lib/jvm/java-8-openjdk/lib/ct.sym(META-INF/sym/rt.jar/java/util/Collections$UnmodifiableCollection.class)]]
[loading ZipFileIndexFileObject[/home/ilmoeuro/.m2/repository/org/checkerframework/jdk8/1.9.6/jdk8-1.9.6.jar(java/util/Comparator.class)]]
[loading ZipFileIndexFileObject[/home/ilmoeuro/.m2/repository/org/checkerframework/jdk8/1.9.6/jdk8-1.9.6.jar(java/util/SortedSet.class)]]
[loading ZipFileIndexFileObject[/home/ilmoeuro/.m2/repository/org/checkerframework/jdk8/1.9.6/jdk8-1.9.6.jar(java/util/SortedMap.class)]]
[loading ZipFileIndexFileObject[/home/ilmoeuro/.m2/repository/org/checkerframework/jdk8/1.9.6/jdk8-1.9.6.jar(java/util/NavigableMap.class)]]
[loading ZipFileIndexFileObject[/home/ilmoeuro/.m2/repository/org/checkerframework/jdk8/1.9.6/jdk8-1.9.6.jar(java/util/Deque.class)]]
[loading ZipFileIndexFileObject[/home/ilmoeuro/.m2/repository/org/checkerframework/jdk8/1.9.6/jdk8-1.9.6.jar(java/util/Queue.class)]]
[loading ZipFileIndexFileObject[/home/ilmoeuro/.m2/repository/org/checkerframework/jdk8/1.9.6/jdk8-1.9.6.jar(java/util/Enumeration.class)]]
[loading ZipFileIndexFileObject[/home/ilmoeuro/.m2/repository/org/checkerframework/jdk8/1.9.6/jdk8-1.9.6.jar(java/util/ArrayList.class)]]
[loading ZipFileIndexFileObject[/home/ilmoeuro/.m2/repository/org/checkerframework/jdk8/1.9.6/jdk8-1.9.6.jar(java/util/ListIterator.class)]]
[loading ZipFileIndexFileObject[/home/ilmoeuro/.m2/repository/org/checkerframework/jdk8/1.9.6/jdk8-1.9.6.jar(java/util/Random.class)]]
[loading ZipFileIndexFileObject[/home/ilmoeuro/.m2/repository/org/checkerframework/jdk8/1.9.6/jdk8-1.9.6.jar(java/util/Set.class)]]
[loading ZipFileIndexFileObject[/home/ilmoeuro/.m2/repository/org/checkerframework/jdk8/1.9.6/jdk8-1.9.6.jar(java/util/NavigableSet.class)]]
[loading ZipFileIndexFileObject[/home/ilmoeuro/.m2/repository/org/checkerframework/jdk8/1.9.6/jdk8-1.9.6.jar(java/util/Iterator.class)]]
[loading ZipFileIndexFileObject[/home/ilmoeuro/.m2/repository/org/checkerframework/jdk8/1.9.6/jdk8-1.9.6.jar(java/util/stream/Collectors.class)]]
[loading ZipFileIndexFileObject[/usr/lib/jvm/java-8-openjdk/lib/ct.sym(META-INF/sym/rt.jar/java/util/stream/Collectors$Partition.class)]]
[loading ZipFileIndexFileObject[/usr/lib/jvm/java-8-openjdk/lib/ct.sym(META-INF/sym/rt.jar/java/util/stream/Collectors$CollectorImpl.class)]]
[loading ZipFileIndexFileObject[/home/ilmoeuro/.m2/repository/org/checkerframework/jdk8/1.9.6/jdk8-1.9.6.jar(java/util/stream/Collector.class)]]
[loading ZipFileIndexFileObject[/home/ilmoeuro/.m2/repository/org/checkerframework/jdk8/1.9.6/jdk8-1.9.6.jar(java/util/function/Function.class)]]
[loading ZipFileIndexFileObject[/usr/lib/jvm/java-8-openjdk/lib/ct.sym(META-INF/sym/rt.jar/java/util/concurrent/ConcurrentMap.class)]]
[loading ZipFileIndexFileObject[/home/ilmoeuro/.m2/repository/org/checkerframework/jdk8/1.9.6/jdk8-1.9.6.jar(java/util/function/BinaryOperator.class)]]
[loading ZipFileIndexFileObject[/home/ilmoeuro/.m2/repository/org/checkerframework/jdk8/1.9.6/jdk8-1.9.6.jar(java/util/function/Supplier.class)]]
[loading ZipFileIndexFileObject[/home/ilmoeuro/.m2/repository/org/checkerframework/jdk8/1.9.6/jdk8-1.9.6.jar(java/util/function/ToIntFunction.class)]]
[loading ZipFileIndexFileObject[/home/ilmoeuro/.m2/repository/org/checkerframework/jdk8/1.9.6/jdk8-1.9.6.jar(java/util/Optional.class)]]
[loading ZipFileIndexFileObject[/home/ilmoeuro/.m2/repository/org/checkerframework/jdk8/1.9.6/jdk8-1.9.6.jar(java/util/function/Predicate.class)]]
[loading ZipFileIndexFileObject[/home/ilmoeuro/.m2/repository/org/checkerframework/jdk8/1.9.6/jdk8-1.9.6.jar(java/util/function/ToLongFunction.class)]]
[loading ZipFileIndexFileObject[/home/ilmoeuro/.m2/repository/org/checkerframework/jdk8/1.9.6/jdk8-1.9.6.jar(java/util/function/ToDoubleFunction.class)]]
[loading ZipFileIndexFileObject[/home/ilmoeuro/.m2/repository/org/checkerframework/jdk8/1.9.6/jdk8-1.9.6.jar(java/util/IntSummaryStatistics.class)]]
[loading ZipFileIndexFileObject[/home/ilmoeuro/.m2/repository/org/checkerframework/jdk8/1.9.6/jdk8-1.9.6.jar(java/util/DoubleSummaryStatistics.class)]]
[loading ZipFileIndexFileObject[/home/ilmoeuro/.m2/repository/org/checkerframework/jdk8/1.9.6/jdk8-1.9.6.jar(java/util/LongSummaryStatistics.class)]]
[loading ZipFileIndexFileObject[/home/ilmoeuro/.m2/repository/org/checkerframework/jdk8/1.9.6/jdk8-1.9.6.jar(java/util/Vector.class)]]
[loading ZipFileIndexFileObject[/home/ilmoeuro/.m2/repository/org/checkerframework/checker-qual/1.9.6/checker-qual-1.9.6.jar(org/checkerframework/checker/initialization/qual/Initialized.class)]]
[loading ZipFileIndexFileObject[/home/ilmoeuro/.m2/repository/org/checkerframework/checker-qual/1.9.6/checker-qual-1.9.6.jar(org/checkerframework/checker/initialization/qual/UnderInitialization.class)]]
[loading ZipFileIndexFileObject[/home/ilmoeuro/.m2/repository/org/checkerframework/checker-qual/1.9.6/checker-qual-1.9.6.jar(org/checkerframework/checker/initialization/qual/NotOnlyInitialized.class)]]
[loading ZipFileIndexFileObject[/home/ilmoeuro/.m2/repository/org/checkerframework/checker-qual/1.9.6/checker-qual-1.9.6.jar(org/checkerframework/checker/initialization/qual/FBCBottom.class)]]
[loading ZipFileIndexFileObject[/home/ilmoeuro/.m2/repository/org/checkerframework/checker-qual/1.9.6/checker-qual-1.9.6.jar(org/checkerframework/checker/initialization/qual/UnknownInitialization.class)]]
[loading ZipFileIndexFileObject[/home/ilmoeuro/.m2/repository/org/checkerframework/checker-qual/1.9.6/checker-qual-1.9.6.jar(org/checkerframework/checker/nullness/qual/NonNull.class)]]
[loading ZipFileIndexFileObject[/usr/lib/jvm/java-8-openjdk/lib/ct.sym(META-INF/sym/rt.jar/javax/lang/model/type/TypeKind.class)]]
[loading ZipFileIndexFileObject[/home/ilmoeuro/.m2/repository/org/checkerframework/checker-qual/1.9.6/checker-qual-1.9.6.jar(org/checkerframework/checker/nullness/qual/PolyNull.class)]]
[loading ZipFileIndexFileObject[/home/ilmoeuro/.m2/repository/org/checkerframework/checker-qual/1.9.6/checker-qual-1.9.6.jar(org/checkerframework/checker/nullness/qual/MonotonicNonNull.class)]]
[loading ZipFileIndexFileObject[/home/ilmoeuro/.m2/repository/org/checkerframework/checker-qual/1.9.6/checker-qual-1.9.6.jar(org/checkerframework/framework/qual/MonotonicQualifier.class)]]
[loading ZipFileIndexFileObject[/home/ilmoeuro/.m2/repository/org/checkerframework/jdk8/1.9.6/jdk8-1.9.6.jar(java/lang/NullPointerException.class)]]
[loading ZipFileIndexFileObject[/home/ilmoeuro/.m2/repository/org/checkerframework/jdk8/1.9.6/jdk8-1.9.6.jar(java/util/Spliterator.class)]]
[loading ZipFileIndexFileObject[/home/ilmoeuro/.m2/repository/org/checkerframework/jdk8/1.9.6/jdk8-1.9.6.jar(java/lang/Override.class)]]
[loading ZipFileIndexFileObject[/usr/lib/jvm/java-8-openjdk/lib/ct.sym(META-INF/sym/rt.jar/sun/reflect/CallerSensitive.class)]]
[loading ZipFileIndexFileObject[/home/ilmoeuro/.m2/repository/org/checkerframework/checker-qual/1.9.6/checker-qual-1.9.6.jar(org/checkerframework/framework/qual/InvisibleQualifier.class)]]
[loading ZipFileIndexFileObject[/home/ilmoeuro/.m2/repository/org/checkerframework/checker-qual/1.9.6/checker-qual-1.9.6.jar(org/checkerframework/checker/javari/qual/ReadOnly.class)]]
[loading ZipFileIndexFileObject[/home/ilmoeuro/.m2/repository/org/checkerframework/checker-qual/1.9.6/checker-qual-1.9.6.jar(org/checkerframework/checker/nullness/qual/NonRaw.class)]]
[wrote RegularFileObject[/home/ilmoeuro/Asiakirjat/Projektit/membertrack/membertrack-webapp/target/test-classes/fi/ilmoeuro/membertrack/TestBase.class]]
[total 2591ms]
